#
# A fatal error has been detected by the Java Runtime Environment:
#
#  Internal Error (jvmciRuntime.cpp:1609), pid=50, tid=93
#  fatal error: Fatal exception in JVMCI: Error calling jdk.vm.ci.services.Services.serializeSavedProperties
#
# JRE version: OpenJDK Runtime Environment GraalVM CE 22.3.0 (17.0.5+8) (build 17.0.5+8-jvmci-22.3-b08)
# Java VM: OpenJDK 64-Bit Server VM GraalVM CE 22.3.0 (17.0.5+8-jvmci-22.3-b08, mixed mode, sharing, tiered, jvmci, jvmci compiler, compressed oops, compressed class ptrs, parallel gc, linux-amd64)
# Problematic frame:
# V  [libjvm.so+0x972714]  JVMCIRuntime::fatal_exception(JVMCIEnv*, char const*)+0x74
#
# Core dump will be written. Default location: Core dumps may be processed with "/usr/share/apport/apport -p%p -s%s -c%c -d%d -P%P -u%u -g%g -- %E" (or dumping to /home/runner/198111/core.50)
#
# If you would like to submit a bug report, please visit:
#   https://github.com/oracle/graal/issues
#

---------------  S U M M A R Y ------------

Command Line: -XX:ThreadPriorityPolicy=1 -XX:+UnlockExperimentalVMOptions -XX:+EnableJVMCIProduct -XX:JVMCIThreadsPerNativeLibraryRuntime=1 -XX:-UnlockExperimentalVMOptions -Declipse.application=org.eclipse.jdt.ls.core.id1 -Dosgi.bundles.defaultStartLevel=4 -Declipse.product=org.eclipse.jdt.ls.core.product -Dlog.level=ALL -Xverify:none -XX:+UseParallelGC -XX:GCTimeRatio=4 -XX:AdaptiveSizePolicyWeight=90 -Dsun.zip.disableMemoryMapping=true -Xmx512m -Xms100m /nix/store/q9712qvwdh22a4krw4jz2sjrz07mvjbl-jdt-language-server-1.9.0/share/java/plugins/org.eclipse.equinox.launcher_1.6.400.v20210924-0641.jar --add-modules=ALL-SYSTEM --add-opens java.base/java.util=ALL-UNNAMED --add-opens java.base/java.lang=ALL-UNNAMED -configuration /home/runner/198111/.cache/jdt-language-server/config -data /home/runner/.cache/jdt-language-server/data/home/runner/198111

Host: Intel(R) Xeon(R) CPU @ 2.20GHz, 8 cores, 1G, Ubuntu 20.04.2 LTS
Time: Tue Apr 30 00:02:07 2024 UTC elapsed time: 1099.916125 seconds (0d 0h 18m 19s)

---------------  T H R E A D  ---------------

Current thread (0x0000746e0c0b1c30):  JavaThread "JVMCI-native CompilerThread0" daemon [_thread_in_vm, id=93, stack(0x0000746df30b3000,0x0000746df32b3000)]


Current CompileTask:
JVMCI-native:1099916 8425       4       java.lang.Thread::interrupted (23 bytes)

Stack: [0x0000746df30b3000,0x0000746df32b3000],  sp=0x0000746df32b1380,  free space=2040k
Native frames: (J=compiled Java code, j=interpreted, Vv=VM code, C=native code)
V  [libjvm.so+0x972714]  JVMCIRuntime::fatal_exception(JVMCIEnv*, char const*)+0x74
V  [libjvm.so+0x93e2fe]  JVMCIEnv::copy_saved_properties()+0x14e
V  [libjvm.so+0x9732a9]  JVMCIRuntime::initialize(JVMCIEnv*)+0xb19
V  [libjvm.so+0x9738a2]  JVMCIRuntime::get_HotSpotJVMCIRuntime(JVMCIEnv*)+0x12
V  [libjvm.so+0x9749f2]  JVMCIRuntime::compile_method(JVMCIEnv*, JVMCICompiler*, methodHandle const&, int)+0xd2
V  [libjvm.so+0x5b0d20]  CompileBroker::invoke_compiler_on_method(CompileTask*)+0x1470
V  [libjvm.so+0x5b12e8]  CompileBroker::compiler_thread_loop()+0x528
V  [libjvm.so+0xd82460]  JavaThread::thread_main_inner()+0xd0
V  [libjvm.so+0xd85a40]  Thread::call_run()+0xc0
V  [libjvm.so+0xbdb1e1]  thread_native_entry(Thread*)+0xe1

Register to memory mapping:

RAX=0x0000746e12d5d000 points into unknown readable memory: 0x0000000000000058 | 58 00 00 00 00 00 00 00
RBX=0x0000746e13e58398: <offset 0x0000000000ef5398> in /nix/store/gpxl5qgg8kicmcvivwmybwjlpf7wh20l-graalvm17-ce-22.3.0/lib/server/libjvm.so at 0x0000746e12f63000
RCX=0x0000746e13e101e8: <offset 0x0000000000ead1e8> in /nix/store/gpxl5qgg8kicmcvivwmybwjlpf7wh20l-graalvm17-ce-22.3.0/lib/server/libjvm.so at 0x0000746e12f63000
RDX=0x0000000000000649 is an unknown value
RSP=0x0000746df32b1380 is pointing into the stack for thread: 0x0000746e0c0b1c30
RBP=0x0000746df32b13a0 is pointing into the stack for thread: 0x0000746e0c0b1c30
RSI=0x0000746e13e58c48: <offset 0x0000000000ef5c48> in /nix/store/gpxl5qgg8kicmcvivwmybwjlpf7wh20l-graalvm17-ce-22.3.0/lib/server/libjvm.so at 0x0000746e12f63000
RDI=0x00000000e0000000 is an oop: java.lang.String 
{0x00000000e0000000} - klass: 'java/lang/String'
 - string: "org/osgi/util/tracker/ServiceTracker.class"
R8 =0x0000746e13e58398: <offset 0x0000000000ef5398> in /nix/store/gpxl5qgg8kicmcvivwmybwjlpf7wh20l-graalvm17-ce-22.3.0/lib/server/libjvm.so at 0x0000746e12f63000
R9 =0x0000000000000003 is an unknown value
R10=0x0000746e141a9da0: <offset 0x0000000001246da0> in /nix/store/gpxl5qgg8kicmcvivwmybwjlpf7wh20l-graalvm17-ce-22.3.0/lib/server/libjvm.so at 0x0000746e12f63000
R11=0x000000080044f048 is pointing into metadata
R12=0x0 is NULL
R13=0x0000746e0c0b1c30 is a thread
R14=0x0000746e0c000b80 points into unknown readable memory: 0x0000746e14089a38 | 38 9a 08 14 6e 74 00 00
R15=0x0000746e14197e40: <offset 0x0000000001234e40> in /nix/store/gpxl5qgg8kicmcvivwmybwjlpf7wh20l-graalvm17-ce-22.3.0/lib/server/libjvm.so at 0x0000746e12f63000


Registers:
RAX=0x0000746e12d5d000, RBX=0x0000746e13e58398, RCX=0x0000746e13e101e8, RDX=0x0000000000000649
RSP=0x0000746df32b1380, RBP=0x0000746df32b13a0, RSI=0x0000746e13e58c48, RDI=0x00000000e0000000
R8 =0x0000746e13e58398, R9 =0x0000000000000003, R10=0x0000746e141a9da0, R11=0x000000080044f048
R12=0x0000000000000000, R13=0x0000746e0c0b1c30, R14=0x0000746e0c000b80, R15=0x0000746e14197e40
RIP=0x0000746e138d5714, EFLAGS=0x0000000000010206, CSGSFS=0x002b000000000033, ERR=0x0000000000000006
  TRAPNO=0x000000000000000e

Top of Stack: (sp=0x0000746df32b1380)
0x0000746df32b1380:   0000746df32b1940 0000746e0c0b1c30
0x0000746df32b1390:   0000746e116ee8c8 0000000800c417a0
0x0000746df32b13a0:   0000746df32b1500 0000746e138a12fe
0x0000746df32b13b0:   0000746df32b13e0 0000746df32b1440 

Instructions: (pc=0x0000746e138d5714)
0x0000746e138d5614:   30 e8 f6 cf e8 ff 4c 89 e7 e8 2e 48 d1 ff 84 db
0x0000746e138d5624:   75 2a 4d 85 ed 74 04 4d 8b 6d 00 48 83 c4 08 44
0x0000746e138d5634:   89 f9 4c 89 f2 4c 89 ee 5b 4c 89 e7 41 5c 41 5d
0x0000746e138d5644:   41 5e 41 5f 5d e9 e2 47 d1 ff 66 90 48 83 c4 08
0x0000746e138d5654:   5b 41 5c 41 5d 41 5e 41 5f 5d c3 90 31 d2 be 08
0x0000746e138d5664:   00 00 00 4c 89 ff e8 b1 78 a3 ff 49 89 c5 e9 37
0x0000746e138d5674:   ff ff ff 66 0f 1f 84 00 00 00 00 00 48 8b 7a 08
0x0000746e138d5684:   e9 6d ff ff ff 0f 1f 80 00 00 00 00 e8 5b 48 0a
0x0000746e138d5694:   00 84 c0 75 89 e9 6a ff ff ff 66 90 55 48 89 e5
0x0000746e138d56a4:   41 56 41 55 41 54 49 89 fc 53 48 89 f3 66 48 8d
0x0000746e138d56b4:   3d 27 5e 85 00 66 66 48 e8 df 43 8d ff 4c 8b 28
0x0000746e138d56c4:   8b 05 be 72 8a 00 85 c0 75 14 ba 01 00 00 00 48
0x0000746e138d56d4:   8d 0d ae 72 8a 00 f0 0f b1 11 85 c0 74 4e be c8
0x0000746e138d56e4:   00 00 00 4c 89 ef e8 01 0b 41 00 48 8d 05 12 ac
0x0000746e138d56f4:   85 00 49 89 d8 48 8d 0d e8 aa 53 00 ba 49 06 00
0x0000746e138d5704:   00 48 8d 35 3c 35 58 00 bf 00 00 00 e0 48 8b 00
0x0000746e138d5714:   c6 00 58 31 c0 e8 e2 91 c6 ff 5b 41 5c 41 5d 41
0x0000746e138d5724:   5e 5d e9 55 34 26 00 0f 1f 44 00 00 48 8d 05 81
0x0000746e138d5734:   a3 8b 00 48 89 df 4c 8b 30 e8 9e 43 8d ff 48 89
0x0000746e138d5744:   de 48 89 c2 49 8b 06 4c 89 f7 ff 50 08 4c 89 f7
0x0000746e138d5754:   e8 a7 5c 27 00 4d 85 e4 74 12 be 01 00 00 00 4c
0x0000746e138d5764:   89 e7 e8 35 43 fc ff eb 82 0f 1f 00 be 01 00 00
0x0000746e138d5774:   00 4c 89 ef e8 d3 fd ff ff e9 6d ff ff ff 66 66
0x0000746e138d5784:   2e 0f 1f 84 00 00 00 00 00 0f 1f 00 55 48 89 e5
0x0000746e138d5794:   41 57 41 56 41 55 41 54 53 48 81 ec 08 02 00 00
0x0000746e138d57a4:   64 48 8b 04 25 28 00 00 00 48 89 45 c8 8b 07 83
0x0000746e138d57b4:   f8 02 0f 84 11 04 00 00 4c 8b 6f 18 49 89 ff 49
0x0000746e138d57c4:   89 f4 4d 85 ed 74 14 4c 89 ef e8 5d 57 22 00 41
0x0000746e138d57d4:   8b 07 83 f8 02 0f 84 19 04 00 00 48 8d 1d 9a 06
0x0000746e138d57e4:   8a 00 4c 8d 35 0b 3c 58 00 eb 38 90 48 85 d2 7f
0x0000746e138d57f4:   0d 48 8d 05 b4 c0 85 00 48 83 38 00 7e 0e 41 8b
0x0000746e138d5804:   77 2c 4c 89 f7 31 c0 e8 a0 b2 f7 ff 49 8b 7f 18 


Stack slot to memory mapping:
stack at sp + 0 slots: 0x0000746df32b1940 is pointing into the stack for thread: 0x0000746e0c0b1c30
stack at sp + 1 slots: 0x0000746e0c0b1c30 is a thread
stack at sp + 2 slots: 0x0000746e116ee8c8 points into unknown readable memory: 0x65730018052dffff | ff ff 2d 05 18 00 73 65
stack at sp + 3 slots: 0x0000000800c417a0 is a pointer to class: 
jdk.vm.ci.services.Services {0x0000000800c417a0}
 - instance size:     2
 - klass size:        65
 - access:            public final synchronized 
 - state:             fully_initialized
 - name:              'jdk/vm/ci/services/Services'
 - super:             'java/lang/Object'
 - sub:               
 - arrays:            NULL
 - methods:           Array<T>(0x0000746e10842990)
 - method ordering:   Array<T>(0x0000000800928960)
 - default_methods:   Array<T>(0x0000000000000000)
 - local interfaces:  Array<T>(0x00000008005ce810)
 - trans. interfaces: Array<T>(0x00000008005ce810)
 - constants:         constant pool [427] {0x0000746e10841958} for 'jdk/vm/ci/services/Services' cache=0x0000746e10843c60
 - class loader data:  loader data: 0x0000746e0c027cf0 of 'bootstrap'
 - source file:       'Services.java'
 - class annotations:       Array<T>(0x0000000000000000)
 - class type annotations:  Array<T>(0x0000000000000000)
 - field annotations:       Array<T>(0x0000000000000000)
 - field type annotations:  Array<T>(0x0000000000000000)
 - inner classes:     Array<T>(0x0000746e10843c30)
 - nest members:     Array<T>(0x0000746e10843c50)
 - permitted subclasses:     Array<T>(0x00000008005ce7a0)
 - java mirror:       a 'java/lang/Class'{0x00000000e02babf8} = 'jdk/vm/ci/services/Services'
 - vtable length      5  (start addr: 0x0000000800c41970)
 - itable length      2 (start addr: 0x0000000800c41998)
 - ---- static fields (3 words):
 - public static final 'IS_BUILDING_NATIVE_IMAGE' 'Z' @128 
 - public static final 'IS_IN_NATIVE_IMAGE' 'Z' @129 
 - private static volatile 'savedProperties' 'Ljava/util/Map;' @112 
 - static final 'JVMCI_ENABLED' 'Z' @130 
 - private static final 'servicesCache' 'Ljava/util/Map;' @116 
 - private static final 'MAX_UNICODE_IN_UTF8_LENGTH' 'I' @120 
 - private static final 'MAX_UTF8_PROPERTY_STRING_LENGTH' 'I' @124 
 - ---- non-static fields (0 words):
 - non-static oop maps: 
stack at sp + 4 slots: 0x0000746df32b1500 is pointing into the stack for thread: 0x0000746e0c0b1c30
stack at sp + 5 slots: 0x0000746e138a12fe: <offset 0x000000000093e2fe> in /nix/store/gpxl5qgg8kicmcvivwmybwjlpf7wh20l-graalvm17-ce-22.3.0/lib/server/libjvm.so at 0x0000746e12f63000
stack at sp + 6 slots: 0x0000746df32b13e0 is pointing into the stack for thread: 0x0000746e0c0b1c30
stack at sp + 7 slots: 0x0000746df32b1440 is pointing into the stack for thread: 0x0000746e0c0b1c30


---------------  P R O C E S S  ---------------

Threads class SMR info:
_java_thread_list=0x0000746d7c001b50, length=22, elements={
0x0000746e0c025f90, 0x0000746e0c0a5f30, 0x0000746e0c0a7370, 0x0000746e0c0adaa0,
0x0000746e0c0aee50, 0x0000746e0c0b0240, 0x0000746e0c0b1c30, 0x0000746e0c0b3140,
0x0000746e0c0b4590, 0x0000746e0c0d7180, 0x0000746e0c120190, 0x0000746e0c305d50,
0x0000746e0c329300, 0x0000746e0c32c040, 0x0000746da802f800, 0x0000746da8415ea0,
0x0000746d980010d0, 0x0000746da8604cf0, 0x0000746da87b4020, 0x0000746e0c3653f0,
0x0000746e0c3f9f60, 0x0000746d80000ff0
}

Java Threads: ( => current thread )
  0x0000746e0c025f90 JavaThread "main" [_thread_blocked, id=79, stack(0x0000746e12d7e000,0x0000746e12e7e000)]
  0x0000746e0c0a5f30 JavaThread "Reference Handler" daemon [_thread_blocked, id=83, stack(0x0000746e1052e000,0x0000746e1062e000)]
  0x0000746e0c0a7370 JavaThread "Finalizer" daemon [_thread_blocked, id=85, stack(0x0000746e1042e000,0x0000746e1052e000)]
  0x0000746e0c0adaa0 JavaThread "Signal Dispatcher" daemon [_thread_blocked, id=86, stack(0x0000746e10048000,0x0000746e10148000)]
  0x0000746e0c0aee50 JavaThread "Service Thread" daemon [_thread_blocked, id=89, stack(0x0000746df33b3000,0x0000746df34b3000)]
  0x0000746e0c0b0240 JavaThread "Monitor Deflation Thread" daemon [_thread_blocked, id=91, stack(0x0000746df32b3000,0x0000746df33b3000)]
=>0x0000746e0c0b1c30 JavaThread "JVMCI-native CompilerThread0" daemon [_thread_in_vm, id=93, stack(0x0000746df30b3000,0x0000746df32b3000)]
  0x0000746e0c0b3140 JavaThread "C1 CompilerThread0" daemon [_thread_blocked, id=94, stack(0x0000746df2eb3000,0x0000746df30b3000)]
  0x0000746e0c0b4590 JavaThread "Sweeper thread" daemon [_thread_blocked, id=98, stack(0x0000746df2db3000,0x0000746df2eb3000)]
  0x0000746e0c0d7180 JavaThread "Common-Cleaner" daemon [_thread_blocked, id=100, stack(0x0000746df2cb3000,0x0000746df2db3000)]
  0x0000746e0c120190 JavaThread "Notification Thread" daemon [_thread_blocked, id=101, stack(0x0000746df2bb3000,0x0000746df2cb3000)]
  0x0000746e0c305d50 JavaThread "Active Thread: Equinox Container: b3e0f355-a36e-48c9-b854-1dca06c499b3" [_thread_blocked, id=124, stack(0x0000746df29b1000,0x0000746df2ab1000)]
  0x0000746e0c329300 JavaThread "Framework Event Dispatcher: Equinox Container: b3e0f355-a36e-48c9-b854-1dca06c499b3" daemon [_thread_blocked, id=125, stack(0x0000746df0500000,0x0000746df0600000)]
  0x0000746e0c32c040 JavaThread "Start Level: Equinox Container: b3e0f355-a36e-48c9-b854-1dca06c499b3" daemon [_thread_blocked, id=126, stack(0x0000746df0300000,0x0000746df0400000)]
  0x0000746da802f800 JavaThread "SCR Component Actor" daemon [_thread_blocked, id=127, stack(0x0000746df0100000,0x0000746df0200000)]
  0x0000746da8415ea0 JavaThread "Worker-JM" [_thread_blocked, id=134, stack(0x0000746dbab00000,0x0000746dbac00000)]
  0x0000746d980010d0 JavaThread "Worker-1" [_thread_blocked, id=138, stack(0x0000746dba700000,0x0000746dba800000)]
  0x0000746da8604cf0 JavaThread "Java indexing" daemon [_thread_blocked, id=139, stack(0x0000746dba500000,0x0000746dba600000)]
  0x0000746da87b4020 JavaThread "Bundle File Closer" daemon [_thread_blocked, id=146, stack(0x0000746dba300000,0x0000746dba400000)]
  0x0000746e0c3653f0 JavaThread "pool-3-thread-1" [_thread_blocked, id=150, stack(0x0000746dba100000,0x0000746dba200000)]
  0x0000746e0c3f9f60 JavaThread "pool-2-thread-1" [_thread_in_native, id=152, stack(0x0000746dbad00000,0x0000746dbae00000)]
  0x0000746d80000ff0 JavaThread "Worker-4" [_thread_blocked, id=155, stack(0x0000746db9b00000,0x0000746db9c00000)]

Other Threads:
  0x0000746e0c0a1670 VMThread "VM Thread" [stack: 0x0000746e10630000,0x0000746e10730000] [id=82] _threads_hazard_ptr=0x0000746d7c001b50
  0x0000746e0c121b30 WatcherThread [stack: 0x0000746df2ab3000,0x0000746df2bb3000] [id=102]
  0x0000746e0c03d890 GCTaskThread "GC Thread#0" [stack: 0x0000746e12941000,0x0000746e12a41000] [id=80]

Threads with active compile tasks:
JVMCI-native CompilerThread0  1100114 8425       4       java.lang.Thread::interrupted (23 bytes)

VM state: synchronizing (normal execution)

VM Mutex/Monitor currently owned by a thread:  ([mutex/lock_event])
[0x0000746e0c0230e0] Threads_lock - owner thread: 0x0000746e0c0a1670
[0x0000746e0c023890] Heap_lock - owner thread: 0x0000746da8604cf0

OutOfMemory and StackOverflow Exception counts:
OutOfMemoryError java_heap_errors=1
LinkageErrors=56

Heap address: 0x00000000e0000000, size: 512 MB, Compressed Oops mode: 32-bit

CDS archive(s) mapped at: [0x0000000800000000-0x0000000800bc8000-0x0000000800bc8000), size 12353536, SharedBaseAddress: 0x0000000800000000, ArchiveRelocationMode: 0.
Compressed class space mapped at: 0x0000000800c00000-0x0000000840c00000, reserved size: 1073741824
Narrow klass base: 0x0000000800000000, Narrow klass shift: 0, Narrow klass range: 0x100000000

GC Precious Log:
 CPUs: 8 total, 1 available
 Memory: 1024M
 Large Page Support: Disabled
 NUMA Support: Disabled
 Compressed Oops: Enabled (32-bit)
 Alignments: Space 512K, Generation 512K, Heap 2M
 Heap Min Capacity: 100M
 Heap Initial Capacity: 100M
 Heap Max Capacity: 512M
 Pre-touch: Disabled
 Parallel Workers: 1

Heap:
 PSYoungGen      total 66048K, used 37376K [0x00000000f5580000, 0x00000000fb880000, 0x0000000100000000)
  eden space 37376K, 100% used [0x00000000f5580000,0x00000000f7a00000,0x00000000f7a00000)
  from space 28672K, 0% used [0x00000000f9c80000,0x00000000f9c80000,0x00000000fb880000)
  to   space 13312K, 0% used [0x00000000f7a00000,0x00000000f7a00000,0x00000000f8700000)
 ParOldGen       total 349696K, used 349695K [0x00000000e0000000, 0x00000000f5580000, 0x00000000f5580000)
  object space 349696K, 99% used [0x00000000e0000000,0x00000000f557fe10,0x00000000f5580000)
 Metaspace       used 49795K, committed 50880K, reserved 1097728K
  class space    used 4843K, committed 5248K, reserved 1048576K

Card table byte_map: [0x0000746e12a41000,0x0000746e12b42000] _byte_map_base: 0x0000746e12341000

Marking Bits: (ParMarkBitMap*) 0x0000746e141914c0
 Begin Bits: [0x0000746e11894000, 0x0000746e12094000)
 End Bits:   [0x0000746e12094000, 0x0000746e12894000)

Polling page: 0x0000746e12d5b000

Metaspace:

Usage:
  Non-class:     43.90 MB used.
      Class:      4.73 MB used.
       Both:     48.63 MB used.

Virtual space:
  Non-class space:       48.00 MB reserved,      44.56 MB ( 93%) committed,  6 nodes.
      Class space:        1.00 GB reserved,       5.12 MB ( <1%) committed,  1 nodes.
             Both:        1.05 GB reserved,      49.69 MB (  5%) committed. 

Chunk freelists:
   Non-Class:  3.32 MB
       Class:  2.94 MB
        Both:  6.27 MB

MaxMetaspaceSize: unlimited
CompressedClassSpaceSize: 1.00 GB
Initial GC threshold: 21.00 MB
Current GC threshold: 82.75 MB
CDS: on
MetaspaceReclaimPolicy: balanced
 - commit_granule_bytes: 65536.
 - commit_granule_words: 8192.
 - virtual_space_node_default_size: 1048576.
 - enlarge_chunks_in_place: 1.
 - new_chunks_are_fully_committed: 0.
 - uncommit_free_chunks: 1.
 - use_allocation_guard: 0.
 - handle_deallocations: 1.


Internal statistics:

num_allocs_failed_limit: 6.
num_arena_births: 452.
num_arena_deaths: 138.
num_vsnodes_births: 7.
num_vsnodes_deaths: 0.
num_space_committed: 794.
num_space_uncommitted: 0.
num_chunks_returned_to_freelist: 195.
num_chunks_taken_from_freelist: 2548.
num_chunk_merges: 82.
num_chunk_splits: 1663.
num_chunks_enlarged: 1005.
num_purges: 4.
num_inconsistent_stats: 0.

CodeHeap 'non-profiled nmethods': size=120036Kb used=2460Kb max_used=2460Kb free=117575Kb
 bounds [0x0000746dfaf7a000, 0x0000746dfb1ea000, 0x0000746e024b3000]
CodeHeap 'profiled nmethods': size=120032Kb used=14689Kb max_used=14689Kb free=105342Kb
 bounds [0x0000746df3a42000, 0x0000746df48a2000, 0x0000746dfaf7a000]
CodeHeap 'non-nmethods': size=5692Kb used=1315Kb max_used=1342Kb free=4376Kb
 bounds [0x0000746df34b3000, 0x0000746df3723000, 0x0000746df3a42000]
 total_blobs=7278 nmethods=6638 adapters=557
 compilation: enabled
              stopped_count=0, restarted_count=0
 full_count=0

JVMCI Events (20 events):
Event: 85.835 Thread 0x0000746e0c0b1c30 compacted oop handles in JVMCI runtime 0 from 86 to 81
Event: 85.843 Thread 0x0000746e0c0b1c30 compacted oop handles in JVMCI runtime 0 from 85 to 83
Event: 86.026 Thread 0x0000746e0c0b1c30 compacted oop handles in JVMCI runtime 0 from 89 to 84
Event: 86.044 Thread 0x0000746e0c0b1c30 compacted oop handles in JVMCI runtime 0 from 91 to 89
Event: 86.198 Thread 0x0000746e0c0b1c30 compacted oop handles in JVMCI runtime 0 from 114 to 111
Event: 86.199 Thread 0x0000746e0c0b1c30 compacted oop handles in JVMCI runtime 0 from 115 to 114
Event: 86.229 Thread 0x0000746e0c0b1c30 compacted oop handles in JVMCI runtime 0 from 120 to 118
Event: 86.295 Thread 0x0000746e0c0b1c30 compacted oop handles in JVMCI runtime 0 from 120 to 118
Event: 86.296 Thread 0x0000746e0c0b1c30 compacted oop handles in JVMCI runtime 0 from 119 to 93
Event: 87.540 Thread 0x0000746e0c0b1c30 detaching from JVMCI runtime 0: releasing idle compiler thread (0 other threads still attached)
Event: 87.540 Thread 0x0000746e0c0b1c30 shutting down HotSpotJVMCIRuntime for JVMCI runtime 0
Event: 87.541 Thread 0x0000746e0c0b1c30 shut down JVMCI runtime 0
Event: 87.545 Thread 0x0000746e0c0b1c30 destroyed JavaVM[1]@0x0000746dbba9e340 for JVMCI runtime 0
Event: 87.545 Thread 0x0000746e0c0b1c30 compacted oop handles in JVMCI runtime 0 from 93 to 93
Event: 87.545 Thread 0x0000746e0c0b1c30 releasing handles for JVMCI runtime 0: oop handles=93, metadata handles={total=1248, live=375, blocks=39}
Event: 87.545 Thread 0x0000746e0c0b1c30 detached from JVMCI runtime 0
Event: 1073.159 Thread 0x0000746e0c0b1c30 attached to JVMCI runtime 0
Event: 1073.162 Thread 0x0000746e0c0b1c30 created JavaVM[2]@0x0000746db959e340 for JVMCI runtime 0
Event: 1075.244 Thread 0x0000746e0c0b1c30 initializing JVMCI runtime 0
Event: 1075.244 Thread 0x0000746e0c0b1c30 done waiting for JavaVM references initialization in JVMCI runtime 0

Compilation events (20 events):
Event: 409.442 Thread 0x0000746e0c0b3140 nmethod 8415 0x0000746df4892990 code [0x0000746df4892b80, 0x0000746df4893550]
Event: 429.041 Thread 0x0000746e0c0b3140 8416       3       java.util.concurrent.ThreadPoolExecutor::runStateAtLeast (11 bytes)
Event: 433.309 Thread 0x0000746e0c0b3140 nmethod 8416 0x0000746df4893710 code [0x0000746df48938a0, 0x0000746df48939f0]
Event: 645.953 Thread 0x0000746e0c0b3140 8417       3       jdk.internal.misc.Unsafe::putReferenceOpaque (9 bytes)
Event: 645.953 Thread 0x0000746e0c0b3140 nmethod 8417 0x0000746df4893a90 code [0x0000746df4893c20, 0x0000746df4893d50]
Event: 659.028 Thread 0x0000746e0c0b3140 8418       3       java.lang.Math::min (12 bytes)
Event: 661.210 Thread 0x0000746e0c0b3140 nmethod 8418 0x0000746df4893e10 code [0x0000746df4893fa0, 0x0000746df48940d0]
Event: 763.027 Thread 0x0000746e0c0b3140 8419       3       java.util.concurrent.ThreadPoolExecutor::isShutdown (12 bytes)
Event: 765.127 Thread 0x0000746e0c0b3140 nmethod 8419 0x0000746df4894190 code [0x0000746df4894340, 0x0000746df4894530]
Event: 785.443 Thread 0x0000746e0c0b3140 8420       3       java.util.concurrent.ScheduledThreadPoolExecutor::canRunInCurrentRunState (61 bytes)
Event: 785.444 Thread 0x0000746e0c0b3140 nmethod 8420 0x0000746df4894610 code [0x0000746df4894820, 0x0000746df48952c0]
Event: 891.680 Thread 0x0000746e0c0b3140 8421       3       java.util.concurrent.locks.AbstractQueuedSynchronizer::acquire (20 bytes)
Event: 891.681 Thread 0x0000746e0c0b3140 nmethod 8421 0x0000746df4895510 code [0x0000746df48956c0, 0x0000746df4895a90]
Event: 988.902 Thread 0x0000746e0c0b3140 8422       3       java.lang.invoke.VarHandleGuards::guard_LLL_Z (86 bytes)
Event: 993.469 Thread 0x0000746e0c0b3140 nmethod 8422 0x0000746df4895b90 code [0x0000746df4895ec0, 0x0000746df48983e0]
Event: 1019.332 Thread 0x0000746e0c0b3140 8424       3       java.lang.invoke.VarHandleReferences$FieldInstanceReadWrite::compareAndSet (48 bytes)
Event: 1019.333 Thread 0x0000746e0c0b3140 nmethod 8424 0x0000746df4898c10 code [0x0000746df4898e80, 0x0000746df4899a00]
Event: 1073.159 Thread 0x0000746e0c0b1c30 8425       4       java.lang.Thread::interrupted (23 bytes)
Event: 1080.967 Thread 0x0000746e0c0b3140 8426       3       org.eclipse.core.internal.jobs.JobManager::now (16 bytes)
Event: 1080.967 Thread 0x0000746e0c0b3140 nmethod 8426 0x0000746df4899d90 code [0x0000746df4899f80, 0x0000746df489a370]

GC Heap History (20 events):
Event: 1078.895 GC heap before
{Heap before GC invocations=589 (full 480):
 PSYoungGen      total 66048K, used 37375K [0x00000000f5580000, 0x00000000fb880000, 0x0000000100000000)
  eden space 37376K, 99% used [0x00000000f5580000,0x00000000f79ffff8,0x00000000f7a00000)
  from space 28672K, 0% used [0x00000000f9c80000,0x00000000f9c80000,0x00000000fb880000)
  to   space 13312K, 0% used [0x00000000f7a00000,0x00000000f7a00000,0x00000000f8700000)
 ParOldGen       total 349696K, used 349690K [0x00000000e0000000, 0x00000000f5580000, 0x00000000f5580000)
  object space 349696K, 99% used [0x00000000e0000000,0x00000000f557eb68,0x00000000f5580000)
 Metaspace       used 49795K, committed 50880K, reserved 1097728K
  class space    used 4843K, committed 5248K, reserved 1048576K
}
Event: 1080.966 GC heap after
{Heap after GC invocations=589 (full 480):
 PSYoungGen      total 50688K, used 37375K [0x00000000f5580000, 0x00000000fb880000, 0x0000000100000000)
  eden space 37376K, 99% used [0x00000000f5580000,0x00000000f79fff38,0x00000000f7a00000)
  from space 13312K, 0% used [0x00000000f7a00000,0x00000000f7a00000,0x00000000f8700000)
  to   space 28672K, 0% used [0x00000000f9c80000,0x00000000f9c80000,0x00000000fb880000)
 ParOldGen       total 349696K, used 349690K [0x00000000e0000000, 0x00000000f5580000, 0x00000000f5580000)
  object space 349696K, 99% used [0x00000000e0000000,0x00000000f557eaa8,0x00000000f5580000)
 Metaspace       used 49795K, committed 50880K, reserved 1097728K
  class space    used 4843K, committed 5248K, reserved 1048576K
}
Event: 1080.994 GC heap before
{Heap before GC invocations=590 (full 481):
 PSYoungGen      total 50688K, used 37375K [0x00000000f5580000, 0x00000000fb880000, 0x0000000100000000)
  eden space 37376K, 99% used [0x00000000f5580000,0x00000000f79ffff8,0x00000000f7a00000)
  from space 13312K, 0% used [0x00000000f7a00000,0x00000000f7a00000,0x00000000f8700000)
  to   space 28672K, 0% used [0x00000000f9c80000,0x00000000f9c80000,0x00000000fb880000)
 ParOldGen       total 349696K, used 349690K [0x00000000e0000000, 0x00000000f5580000, 0x00000000f5580000)
  object space 349696K, 99% used [0x00000000e0000000,0x00000000f557eaa8,0x00000000f5580000)
 Metaspace       used 49795K, committed 50880K, reserved 1097728K
  class space    used 4843K, committed 5248K, reserved 1048576K
}
Event: 1083.037 GC heap after
{Heap after GC invocations=590 (full 481):
 PSYoungGen      total 66048K, used 37375K [0x00000000f5580000, 0x00000000fb880000, 0x0000000100000000)
  eden space 37376K, 99% used [0x00000000f5580000,0x00000000f79fffc8,0x00000000f7a00000)
  from space 28672K, 0% used [0x00000000f9c80000,0x00000000f9c80000,0x00000000fb880000)
  to   space 13312K, 0% used [0x00000000f7a00000,0x00000000f7a00000,0x00000000f8700000)
 ParOldGen       total 349696K, used 349690K [0x00000000e0000000, 0x00000000f5580000, 0x00000000f5580000)
  object space 349696K, 99% used [0x00000000e0000000,0x00000000f557eaa8,0x00000000f5580000)
 Metaspace       used 49795K, committed 50880K, reserved 1097728K
  class space    used 4843K, committed 5248K, reserved 1048576K
}
Event: 1083.037 GC heap before
{Heap before GC invocations=591 (full 482):
 PSYoungGen      total 66048K, used 37375K [0x00000000f5580000, 0x00000000fb880000, 0x0000000100000000)
  eden space 37376K, 99% used [0x00000000f5580000,0x00000000f79ffff8,0x00000000f7a00000)
  from space 28672K, 0% used [0x00000000f9c80000,0x00000000f9c80000,0x00000000fb880000)
  to   space 13312K, 0% used [0x00000000f7a00000,0x00000000f7a00000,0x00000000f8700000)
 ParOldGen       total 349696K, used 349690K [0x00000000e0000000, 0x00000000f5580000, 0x00000000f5580000)
  object space 349696K, 99% used [0x00000000e0000000,0x00000000f557eaa8,0x00000000f5580000)
 Metaspace       used 49795K, committed 50880K, reserved 1097728K
  class space    used 4843K, committed 5248K, reserved 1048576K
}
Event: 1084.988 GC heap after
{Heap after GC invocations=591 (full 482):
 PSYoungGen      total 50688K, used 37375K [0x00000000f5580000, 0x00000000fb880000, 0x0000000100000000)
  eden space 37376K, 99% used [0x00000000f5580000,0x00000000f79ffff8,0x00000000f7a00000)
  from space 13312K, 0% used [0x00000000f7a00000,0x00000000f7a00000,0x00000000f8700000)
  to   space 28672K, 0% used [0x00000000f9c80000,0x00000000f9c80000,0x00000000fb880000)
 ParOldGen       total 349696K, used 349690K [0x00000000e0000000, 0x00000000f5580000, 0x00000000f5580000)
  object space 349696K, 99% used [0x00000000e0000000,0x00000000f557ea88,0x00000000f5580000)
 Metaspace       used 49795K, committed 50880K, reserved 1097728K
  class space    used 4843K, committed 5248K, reserved 1048576K
}
Event: 1084.997 GC heap before
{Heap before GC invocations=592 (full 483):
 PSYoungGen      total 50688K, used 37375K [0x00000000f5580000, 0x00000000fb880000, 0x0000000100000000)
  eden space 37376K, 99% used [0x00000000f5580000,0x00000000f79ffff8,0x00000000f7a00000)
  from space 13312K, 0% used [0x00000000f7a00000,0x00000000f7a00000,0x00000000f8700000)
  to   space 28672K, 0% used [0x00000000f9c80000,0x00000000f9c80000,0x00000000fb880000)
 ParOldGen       total 349696K, used 349692K [0x00000000e0000000, 0x00000000f5580000, 0x00000000f5580000)
  object space 349696K, 99% used [0x00000000e0000000,0x00000000f557f260,0x00000000f5580000)
 Metaspace       used 49795K, committed 50880K, reserved 1097728K
  class space    used 4843K, committed 5248K, reserved 1048576K
}
Event: 1087.127 GC heap after
{Heap after GC invocations=592 (full 483):
 PSYoungGen      total 66048K, used 37375K [0x00000000f5580000, 0x00000000fb880000, 0x0000000100000000)
  eden space 37376K, 99% used [0x00000000f5580000,0x00000000f79ffea8,0x00000000f7a00000)
  from space 28672K, 0% used [0x00000000f9c80000,0x00000000f9c80000,0x00000000fb880000)
  to   space 13312K, 0% used [0x00000000f7a00000,0x00000000f7a00000,0x00000000f8700000)
 ParOldGen       total 349696K, used 349692K [0x00000000e0000000, 0x00000000f5580000, 0x00000000f5580000)
  object space 349696K, 99% used [0x00000000e0000000,0x00000000f557f180,0x00000000f5580000)
 Metaspace       used 49795K, committed 50880K, reserved 1097728K
  class space    used 4843K, committed 5248K, reserved 1048576K
}
Event: 1087.127 GC heap before
{Heap before GC invocations=593 (full 484):
 PSYoungGen      total 66048K, used 37375K [0x00000000f5580000, 0x00000000fb880000, 0x0000000100000000)
  eden space 37376K, 99% used [0x00000000f5580000,0x00000000f79ffff8,0x00000000f7a00000)
  from space 28672K, 0% used [0x00000000f9c80000,0x00000000f9c80000,0x00000000fb880000)
  to   space 13312K, 0% used [0x00000000f7a00000,0x00000000f7a00000,0x00000000f8700000)
 ParOldGen       total 349696K, used 349692K [0x00000000e0000000, 0x00000000f5580000, 0x00000000f5580000)
  object space 349696K, 99% used [0x00000000e0000000,0x00000000f557f180,0x00000000f5580000)
 Metaspace       used 49795K, committed 50880K, reserved 1097728K
  class space    used 4843K, committed 5248K, reserved 1048576K
}
Event: 1089.099 GC heap after
{Heap after GC invocations=593 (full 484):
 PSYoungGen      total 50688K, used 37375K [0x00000000f5580000, 0x00000000fb880000, 0x0000000100000000)
  eden space 37376K, 99% used [0x00000000f5580000,0x00000000f79fff98,0x00000000f7a00000)
  from space 13312K, 0% used [0x00000000f7a00000,0x00000000f7a00000,0x00000000f8700000)
  to   space 28672K, 0% used [0x00000000f9c80000,0x00000000f9c80000,0x00000000fb880000)
 ParOldGen       total 349696K, used 349692K [0x00000000e0000000, 0x00000000f5580000, 0x00000000f5580000)
  object space 349696K, 99% used [0x00000000e0000000,0x00000000f557f168,0x00000000f5580000)
 Metaspace       used 49795K, committed 50880K, reserved 1097728K
  class space    used 4843K, committed 5248K, reserved 1048576K
}
Event: 1089.100 GC heap before
{Heap before GC invocations=594 (full 485):
 PSYoungGen      total 50688K, used 37375K [0x00000000f5580000, 0x00000000fb880000, 0x0000000100000000)
  eden space 37376K, 99% used [0x00000000f5580000,0x00000000f79fffe8,0x00000000f7a00000)
  from space 13312K, 0% used [0x00000000f7a00000,0x00000000f7a00000,0x00000000f8700000)
  to   space 28672K, 0% used [0x00000000f9c80000,0x00000000f9c80000,0x00000000fb880000)
 ParOldGen       total 349696K, used 349692K [0x00000000e0000000, 0x00000000f5580000, 0x00000000f5580000)
  object space 349696K, 99% used [0x00000000e0000000,0x00000000f557f168,0x00000000f5580000)
 Metaspace       used 49795K, committed 50880K, reserved 1097728K
  class space    used 4843K, committed 5248K, reserved 1048576K
}
Event: 1091.146 GC heap after
{Heap after GC invocations=594 (full 485):
 PSYoungGen      total 66048K, used 37375K [0x00000000f5580000, 0x00000000fb880000, 0x0000000100000000)
  eden space 37376K, 99% used [0x00000000f5580000,0x00000000f79fffe8,0x00000000f7a00000)
  from space 28672K, 0% used [0x00000000f9c80000,0x00000000f9c80000,0x00000000fb880000)
  to   space 13312K, 0% used [0x00000000f7a00000,0x00000000f7a00000,0x00000000f8700000)
 ParOldGen       total 349696K, used 349692K [0x00000000e0000000, 0x00000000f5580000, 0x00000000f5580000)
  object space 349696K, 99% used [0x00000000e0000000,0x00000000f557f168,0x00000000f5580000)
 Metaspace       used 49795K, committed 50880K, reserved 1097728K
  class space    used 4843K, committed 5248K, reserved 1048576K
}
Event: 1091.147 GC heap before
{Heap before GC invocations=595 (full 486):
 PSYoungGen      total 66048K, used 37375K [0x00000000f5580000, 0x00000000fb880000, 0x0000000100000000)
  eden space 37376K, 99% used [0x00000000f5580000,0x00000000f79ffff8,0x00000000f7a00000)
  from space 28672K, 0% used [0x00000000f9c80000,0x00000000f9c80000,0x00000000fb880000)
  to   space 13312K, 0% used [0x00000000f7a00000,0x00000000f7a00000,0x00000000f8700000)
 ParOldGen       total 349696K, used 349693K [0x00000000e0000000, 0x00000000f5580000, 0x00000000f5580000)
  object space 349696K, 99% used [0x00000000e0000000,0x00000000f557f7a8,0x00000000f5580000)
 Metaspace       used 49795K, committed 50880K, reserved 1097728K
  class space    used 4843K, committed 5248K, reserved 1048576K
}
Event: 1093.145 GC heap after
{Heap after GC invocations=595 (full 486):
 PSYoungGen      total 50688K, used 37375K [0x00000000f5580000, 0x00000000fb880000, 0x0000000100000000)
  eden space 37376K, 99% used [0x00000000f5580000,0x00000000f79fff10,0x00000000f7a00000)
  from space 13312K, 0% used [0x00000000f7a00000,0x00000000f7a00000,0x00000000f8700000)
  to   space 28672K, 0% used [0x00000000f9c80000,0x00000000f9c80000,0x00000000fb880000)
 ParOldGen       total 349696K, used 349693K [0x00000000e0000000, 0x00000000f5580000, 0x00000000f5580000)
  object space 349696K, 99% used [0x00000000e0000000,0x00000000f557f508,0x00000000f5580000)
 Metaspace       used 49795K, committed 50880K, reserved 1097728K
  class space    used 4843K, committed 5248K, reserved 1048576K
}
Event: 1093.150 GC heap before
{Heap before GC invocations=596 (full 487):
 PSYoungGen      total 50688K, used 37375K [0x00000000f5580000, 0x00000000fb880000, 0x0000000100000000)
  eden space 37376K, 99% used [0x00000000f5580000,0x00000000f79ffff8,0x00000000f7a00000)
  from space 13312K, 0% used [0x00000000f7a00000,0x00000000f7a00000,0x00000000f8700000)
  to   space 28672K, 0% used [0x00000000f9c80000,0x00000000f9c80000,0x00000000fb880000)
 ParOldGen       total 349696K, used 349693K [0x00000000e0000000, 0x00000000f5580000, 0x00000000f5580000)
  object space 349696K, 99% used [0x00000000e0000000,0x00000000f557f508,0x00000000f5580000)
 Metaspace       used 49795K, committed 50880K, reserved 1097728K
  class space    used 4843K, committed 5248K, reserved 1048576K
}
Event: 1095.341 GC heap after
{Heap after GC invocations=596 (full 487):
 PSYoungGen      total 66048K, used 37375K [0x00000000f5580000, 0x00000000fb880000, 0x0000000100000000)
  eden space 37376K, 99% used [0x00000000f5580000,0x00000000f79fff28,0x00000000f7a00000)
  from space 28672K, 0% used [0x00000000f9c80000,0x00000000f9c80000,0x00000000fb880000)
  to   space 13312K, 0% used [0x00000000f7a00000,0x00000000f7a00000,0x00000000f8700000)
 ParOldGen       total 349696K, used 349693K [0x00000000e0000000, 0x00000000f5580000, 0x00000000f5580000)
  object space 349696K, 99% used [0x00000000e0000000,0x00000000f557f508,0x00000000f5580000)
 Metaspace       used 49795K, committed 50880K, reserved 1097728K
  class space    used 4843K, committed 5248K, reserved 1048576K
}
Event: 1095.344 GC heap before
{Heap before GC invocations=597 (full 488):
 PSYoungGen      total 66048K, used 37375K [0x00000000f5580000, 0x00000000fb880000, 0x0000000100000000)
  eden space 37376K, 99% used [0x00000000f5580000,0x00000000f79fffb0,0x00000000f7a00000)
  from space 28672K, 0% used [0x00000000f9c80000,0x00000000f9c80000,0x00000000fb880000)
  to   space 13312K, 0% used [0x00000000f7a00000,0x00000000f7a00000,0x00000000f8700000)
 ParOldGen       total 349696K, used 349693K [0x00000000e0000000, 0x00000000f5580000, 0x00000000f5580000)
  object space 349696K, 99% used [0x00000000e0000000,0x00000000f557f508,0x00000000f5580000)
 Metaspace       used 49795K, committed 50880K, reserved 1097728K
  class space    used 4843K, committed 5248K, reserved 1048576K
}
Event: 1097.532 GC heap after
{Heap after GC invocations=597 (full 488):
 PSYoungGen      total 50688K, used 37375K [0x00000000f5580000, 0x00000000fb880000, 0x0000000100000000)
  eden space 37376K, 99% used [0x00000000f5580000,0x00000000f79fff70,0x00000000f7a00000)
  from space 13312K, 0% used [0x00000000f7a00000,0x00000000f7a00000,0x00000000f8700000)
  to   space 28672K, 0% used [0x00000000f9c80000,0x00000000f9c80000,0x00000000fb880000)
 ParOldGen       total 349696K, used 349693K [0x00000000e0000000, 0x00000000f5580000, 0x00000000f5580000)
  object space 349696K, 99% used [0x00000000e0000000,0x00000000f557f508,0x00000000f5580000)
 Metaspace       used 49795K, committed 50880K, reserved 1097728K
  class space    used 4843K, committed 5248K, reserved 1048576K
}
Event: 1097.532 GC heap before
{Heap before GC invocations=598 (full 489):
 PSYoungGen      total 50688K, used 37375K [0x00000000f5580000, 0x00000000fb880000, 0x0000000100000000)
  eden space 37376K, 99% used [0x00000000f5580000,0x00000000f79fff70,0x00000000f7a00000)
  from space 13312K, 0% used [0x00000000f7a00000,0x00000000f7a00000,0x00000000f8700000)
  to   space 28672K, 0% used [0x00000000f9c80000,0x00000000f9c80000,0x00000000fb880000)
 ParOldGen       total 349696K, used 349693K [0x00000000e0000000, 0x00000000f5580000, 0x00000000f5580000)
  object space 349696K, 99% used [0x00000000e0000000,0x00000000f557f508,0x00000000f5580000)
 Metaspace       used 49795K, committed 50880K, reserved 1097728K
  class space    used 4843K, committed 5248K, reserved 1048576K
}
Event: 1099.847 GC heap after
{Heap after GC invocations=598 (full 489):
 PSYoungGen      total 66048K, used 37375K [0x00000000f5580000, 0x00000000fb880000, 0x0000000100000000)
  eden space 37376K, 99% used [0x00000000f5580000,0x00000000f79fff70,0x00000000f7a00000)
  from space 28672K, 0% used [0x00000000f9c80000,0x00000000f9c80000,0x00000000fb880000)
  to   space 13312K, 0% used [0x00000000f7a00000,0x00000000f7a00000,0x00000000f8700000)
 ParOldGen       total 349696K, used 349693K [0x00000000e0000000, 0x00000000f5580000, 0x00000000f5580000)
  object space 349696K, 99% used [0x00000000e0000000,0x00000000f557f508,0x00000000f5580000)
 Metaspace       used 49795K, committed 50880K, reserved 1097728K
  class space    used 4843K, committed 5248K, reserved 1048576K
}

Dll operation events (8 events):
Event: 0.002 Loaded shared library /nix/store/gpxl5qgg8kicmcvivwmybwjlpf7wh20l-graalvm17-ce-22.3.0/lib/libjava.so
Event: 0.011 Loaded shared library /nix/store/gpxl5qgg8kicmcvivwmybwjlpf7wh20l-graalvm17-ce-22.3.0/lib/libjsvml.so
Event: 0.703 Loaded shared library /nix/store/gpxl5qgg8kicmcvivwmybwjlpf7wh20l-graalvm17-ce-22.3.0/lib/libnio.so
Event: 0.707 Loaded shared library /nix/store/gpxl5qgg8kicmcvivwmybwjlpf7wh20l-graalvm17-ce-22.3.0/lib/libzip.so
Event: 0.712 Loaded shared library /nix/store/gpxl5qgg8kicmcvivwmybwjlpf7wh20l-graalvm17-ce-22.3.0/lib/libjvmcicompiler.so
Event: 1.503 Loaded shared library /nix/store/gpxl5qgg8kicmcvivwmybwjlpf7wh20l-graalvm17-ce-22.3.0/lib/libjimage.so
Event: 4.497 Loaded shared library /nix/store/gpxl5qgg8kicmcvivwmybwjlpf7wh20l-graalvm17-ce-22.3.0/lib/libnet.so
Event: 7.031 Loaded shared library /home/runner/198111/.cache/jdt-language-server/config/org.eclipse.equinox.launcher/org.eclipse.equinox.launcher.gtk.linux.x86_64_1.2.400.v20211117-0650/eclipse_11600.so

Deoptimization events (20 events):
Event: 85.735 Thread 0x0000746da8604cf0 DEOPT PACKING pc=0x0000746df488f6dd sp=0x0000746dba5fe530
Event: 85.735 Thread 0x0000746da8604cf0 DEOPT UNPACKING pc=0x0000746df3505325 sp=0x0000746dba5fda20 mode 0
Event: 85.737 Thread 0x0000746da8604cf0 DEOPT PACKING pc=0x0000746df488f66c sp=0x0000746dba5fe530
Event: 85.737 Thread 0x0000746da8604cf0 DEOPT UNPACKING pc=0x0000746df3505325 sp=0x0000746dba5fda20 mode 0
Event: 85.740 Thread 0x0000746da8604cf0 DEOPT PACKING pc=0x0000746df488f6dd sp=0x0000746dba5fe530
Event: 85.740 Thread 0x0000746da8604cf0 DEOPT UNPACKING pc=0x0000746df3505325 sp=0x0000746dba5fda20 mode 0
Event: 85.742 Thread 0x0000746da8604cf0 DEOPT PACKING pc=0x0000746df488f6dd sp=0x0000746dba5fe530
Event: 85.742 Thread 0x0000746da8604cf0 DEOPT UNPACKING pc=0x0000746df3505325 sp=0x0000746dba5fda20 mode 0
Event: 85.744 Thread 0x0000746da8604cf0 DEOPT PACKING pc=0x0000746df488f6dd sp=0x0000746dba5fe530
Event: 85.745 Thread 0x0000746da8604cf0 DEOPT UNPACKING pc=0x0000746df3505325 sp=0x0000746dba5fda20 mode 0
Event: 85.747 Thread 0x0000746da8604cf0 DEOPT PACKING pc=0x0000746df488f6dd sp=0x0000746dba5fe530
Event: 85.747 Thread 0x0000746da8604cf0 DEOPT UNPACKING pc=0x0000746df3505325 sp=0x0000746dba5fda20 mode 0
Event: 85.795 Thread 0x0000746da8604cf0 DEOPT PACKING pc=0x0000746df488f6dd sp=0x0000746dba5fe530
Event: 85.795 Thread 0x0000746da8604cf0 DEOPT UNPACKING pc=0x0000746df3505325 sp=0x0000746dba5fda20 mode 0
Event: 85.826 Thread 0x0000746da8604cf0 DEOPT PACKING pc=0x0000746df488f6dd sp=0x0000746dba5fe530
Event: 85.826 Thread 0x0000746da8604cf0 DEOPT UNPACKING pc=0x0000746df3505325 sp=0x0000746dba5fda20 mode 0
Event: 85.829 Thread 0x0000746da8604cf0 DEOPT PACKING pc=0x0000746df488f6dd sp=0x0000746dba5fe530
Event: 85.829 Thread 0x0000746da8604cf0 DEOPT UNPACKING pc=0x0000746df3505325 sp=0x0000746dba5fda20 mode 0
Event: 85.831 Thread 0x0000746da8604cf0 DEOPT PACKING pc=0x0000746df488f6dd sp=0x0000746dba5fe530
Event: 85.831 Thread 0x0000746da8604cf0 DEOPT UNPACKING pc=0x0000746df3505325 sp=0x0000746dba5fda20 mode 0

Classes unloaded (20 events):
Event: 144.728 Thread 0x0000746e0c0a1670 Unloading class 0x0000000800fe6000 'jdk/internal/reflect/GeneratedSerializationConstructorAccessor1'
Event: 144.728 Thread 0x0000746e0c0a1670 Unloading class 0x0000000800f39400 'java/lang/invoke/LambdaForm$MH+0x0000000800f39400'
Event: 144.728 Thread 0x0000746e0c0a1670 Unloading class 0x0000000800f39000 'java/lang/invoke/LambdaForm$MH+0x0000000800f39000'
Event: 144.728 Thread 0x0000746e0c0a1670 Unloading class 0x0000000800f38c00 'java/lang/invoke/LambdaForm$MH+0x0000000800f38c00'
Event: 144.728 Thread 0x0000746e0c0a1670 Unloading class 0x0000000800f38800 'java/lang/invoke/LambdaForm$MH+0x0000000800f38800'
Event: 144.728 Thread 0x0000746e0c0a1670 Unloading class 0x0000000800f38400 'java/lang/invoke/LambdaForm$MH+0x0000000800f38400'
Event: 144.728 Thread 0x0000746e0c0a1670 Unloading class 0x0000000800f38000 'java/lang/invoke/LambdaForm$MH+0x0000000800f38000'
Event: 144.728 Thread 0x0000746e0c0a1670 Unloading class 0x0000000800d89000 'java/lang/invoke/LambdaForm$MH+0x0000000800d89000'
Event: 144.728 Thread 0x0000746e0c0a1670 Unloading class 0x0000000800d88c00 'java/lang/invoke/LambdaForm$MH+0x0000000800d88c00'
Event: 144.728 Thread 0x0000746e0c0a1670 Unloading class 0x0000000800d88800 'java/lang/invoke/LambdaForm$MH+0x0000000800d88800'
Event: 144.728 Thread 0x0000746e0c0a1670 Unloading class 0x0000000800d88400 'java/lang/invoke/LambdaForm$MH+0x0000000800d88400'
Event: 144.728 Thread 0x0000746e0c0a1670 Unloading class 0x0000000800d88000 'jdk/internal/reflect/GeneratedConstructorAccessor3'
Event: 144.728 Thread 0x0000746e0c0a1670 Unloading class 0x0000000800cb2800 'java/lang/invoke/LambdaForm$MH+0x0000000800cb2800'
Event: 144.728 Thread 0x0000746e0c0a1670 Unloading class 0x0000000800cb2000 'java/lang/invoke/LambdaForm$MH+0x0000000800cb2000'
Event: 144.728 Thread 0x0000746e0c0a1670 Unloading class 0x0000000800cb1c00 'java/lang/invoke/LambdaForm$MH+0x0000000800cb1c00'
Event: 144.728 Thread 0x0000746e0c0a1670 Unloading class 0x0000000800cb1800 'java/lang/invoke/LambdaForm$MH+0x0000000800cb1800'
Event: 144.728 Thread 0x0000746e0c0a1670 Unloading class 0x0000000800cb1000 'java/lang/invoke/LambdaForm$MH+0x0000000800cb1000'
Event: 144.728 Thread 0x0000746e0c0a1670 Unloading class 0x0000000800cb0c00 'java/lang/invoke/LambdaForm$MH+0x0000000800cb0c00'
Event: 144.728 Thread 0x0000746e0c0a1670 Unloading class 0x0000000800cb0800 'java/lang/invoke/LambdaForm$MH+0x0000000800cb0800'
Event: 144.728 Thread 0x0000746e0c0a1670 Unloading class 0x0000000800cb0000 'java/lang/invoke/LambdaForm$MH+0x0000000800cb0000'

Classes redefined (0 events):
No events

Internal exceptions (20 events):
Event: 48.833 Thread 0x0000746d7c001130 Exception <a 'java/io/FileNotFoundException'{0x00000000f618d0d0}> (0x00000000f618d0d0) 
thrown [src/hotspot/share/prims/jni.cpp, line 516]
Event: 48.833 Thread 0x0000746d7c001130 Exception <a 'java/io/FileNotFoundException'{0x00000000f618e330}> (0x00000000f618e330) 
thrown [src/hotspot/share/prims/jni.cpp, line 516]
Event: 49.096 Thread 0x0000746d7c001130 Exception <a 'java/lang/NoSuchMethodError'{0x00000000f5ab9320}: static Lorg/eclipse/m2e/core/internal/lifecyclemapping/model/PluginExecutionMetadata;.<clinit>()V> (0x00000000f5ab9320) 
thrown [src/hotspot/share/prims/jni.cpp, line 1107]
Event: 49.097 Thread 0x0000746d7c001130 Exception <a 'java/lang/NoSuchMethodError'{0x00000000f5b1f0e8}: static Lorg/eclipse/m2e/core/internal/lifecyclemapping/model/PluginExecutionFilter;.<clinit>()V> (0x00000000f5b1f0e8) 
thrown [src/hotspot/share/prims/jni.cpp, line 1107]
Event: 49.138 Thread 0x0000746d7c001130 Exception <a 'sun/nio/fs/UnixException'{0x00000000f5b92388}> (0x00000000f5b92388) 
thrown [src/hotspot/share/prims/jni.cpp, line 516]
Event: 49.198 Thread 0x0000746d7c001130 Exception <a 'sun/nio/fs/UnixException'{0x00000000f5cffc98}> (0x00000000f5cffc98) 
thrown [src/hotspot/share/prims/jni.cpp, line 516]
Event: 49.206 Thread 0x0000746d7c001130 Exception <a 'sun/nio/fs/UnixException'{0x00000000f5d19f68}> (0x00000000f5d19f68) 
thrown [src/hotspot/share/prims/jni.cpp, line 516]
Event: 51.244 Thread 0x0000746e0c3f9f60 Exception <a 'java/lang/NoSuchMethodError'{0x00000000f5670b88}: 'java.lang.Object java.lang.invoke.DirectMethodHandle$Holder.invokeInterface(java.lang.Object, java.lang.Object, java.lang.Object)'> (0x00000000f5670b88) 
thrown [src/hotspot/share/interpreter/linkResolver.cpp, line 758]
Event: 51.432 Thread 0x0000746da847bfe0 Exception <a 'java/lang/NoSuchMethodError'{0x00000000f6209e20}: static [Lorg/eclipse/core/runtime/IPath;.<clinit>()V> (0x00000000f6209e20) 
thrown [src/hotspot/share/prims/jni.cpp, line 1107]
Event: 51.440 Thread 0x0000746da847bfe0 Exception <a 'java/lang/NoSuchMethodError'{0x00000000f623e448}: static [J.<clinit>()V> (0x00000000f623e448) 
thrown [src/hotspot/share/prims/jni.cpp, line 1107]
Event: 55.899 Thread 0x0000746d7c001130 Exception <a 'java/io/FileNotFoundException'{0x00000000f5877048}> (0x00000000f5877048) 
thrown [src/hotspot/share/prims/jni.cpp, line 516]
Event: 56.027 Thread 0x0000746d7c001130 Exception <a 'java/lang/NoSuchMethodError'{0x00000000f5abe158}: 'java.lang.Object java.lang.invoke.DirectMethodHandle$Holder.newInvokeSpecial(java.lang.Object, java.lang.Object, int, java.lang.Object, java.lang.Object)'> (0x00000000f5abe158) 
thrown [src/hotspot/share/interpreter/linkResolver.cpp, line 758]
Event: 56.032 Thread 0x0000746d7c001130 Exception <a 'java/lang/NoSuchMethodError'{0x00000000f5ac2588}: 'java.lang.Object java.lang.invoke.DirectMethodHandle$Holder.invokeSpecial(java.lang.Object, java.lang.Object, java.lang.Object, int, java.lang.Object, java.lang.Object)'> (0x00000000f5ac2588) 
thrown [src/hotspot/share/interpreter/linkResolver.cpp, line 758]
Event: 56.299 Thread 0x0000746d7c001130 Exception <a 'java/lang/NoSuchMethodError'{0x00000000f62e2300}: 'java.lang.Object java.lang.invoke.DirectMethodHandle$Holder.newInvokeSpecial(java.lang.Object, java.lang.Object, java.lang.Object, int, java.lang.Object)'> (0x00000000f62e2300) 
thrown [src/hotspot/share/interpreter/linkResolver.cpp, line 758]
Event: 56.300 Thread 0x0000746d7c001130 Exception <a 'java/lang/NoSuchMethodError'{0x00000000f62e7218}: 'java.lang.Object java.lang.invoke.DirectMethodHandle$Holder.invokeSpecial(java.lang.Object, java.lang.Object, java.lang.Object, java.lang.Object, int, java.lang.Object)'> (0x00000000f62e7218) 
thrown [src/hotspot/share/interpreter/linkResolver.cpp, line 758]
Event: 56.324 Thread 0x0000746d7c001130 Exception <a 'java/lang/NoSuchMethodError'{0x00000000f62ead00}: 'java.lang.Object java.lang.invoke.Invokers$Holder.linkToTargetMethod(java.lang.Object, java.lang.Object, int, java.lang.Object, java.lang.Object)'> (0x00000000f62ead00) 
thrown [src/hotspot/share/interpreter/linkResolver.cpp, line 758]
Event: 59.199 Thread 0x0000746d803e9ac0 Implicit null exception at 0x0000746dfb0903f1 to 0x0000746dfb0905a3
Event: 68.201 Thread 0x0000746d8c0010d0 Exception <a 'java/lang/NoSuchMethodError'{0x00000000f6db9588}: 'java.lang.Object java.lang.invoke.DirectMethodHandle$Holder.invokeStatic(java.lang.Object, java.lang.Object, int, java.lang.Object)'> (0x00000000f6db9588) 
thrown [src/hotspot/share/interpreter/linkResolver.cpp, line 758]
Event: 68.201 Thread 0x0000746d8c0010d0 Exception <a 'java/lang/NoSuchMethodError'{0x00000000f6dc20d8}: 'java.lang.Object java.lang.invoke.DirectMethodHandle$Holder.newInvokeSpecial(java.lang.Object, java.lang.Object, int)'> (0x00000000f6dc20d8) 
thrown [src/hotspot/share/interpreter/linkResolver.cpp, line 758]
Event: 1099.847 Thread 0x0000746e0c0b1c30 Exception <a 'java/lang/OutOfMemoryError'{0x00000000e00c41e8}> (0x00000000e00c41e8) 
thrown [src/hotspot/share/gc/shared/memAllocator.cpp, line 136]

VM Operations (20 events):
Event: 1077.036 Executing VM operation: ParallelGCFailedAllocation
Event: 1078.866 Executing VM operation: ParallelGCFailedAllocation done
Event: 1078.894 Executing VM operation: ParallelGCFailedAllocation
Event: 1080.966 Executing VM operation: ParallelGCFailedAllocation done
Event: 1080.994 Executing VM operation: ParallelGCFailedAllocation
Event: 1083.037 Executing VM operation: ParallelGCFailedAllocation done
Event: 1083.037 Executing VM operation: ParallelGCFailedAllocation
Event: 1084.988 Executing VM operation: ParallelGCFailedAllocation done
Event: 1084.994 Executing VM operation: ParallelGCFailedAllocation
Event: 1087.127 Executing VM operation: ParallelGCFailedAllocation done
Event: 1087.127 Executing VM operation: ParallelGCFailedAllocation
Event: 1089.099 Executing VM operation: ParallelGCFailedAllocation done
Event: 1089.099 Executing VM operation: ParallelGCFailedAllocation
Event: 1091.146 Executing VM operation: ParallelGCFailedAllocation done
Event: 1091.147 Executing VM operation: ParallelGCFailedAllocation
Event: 1093.145 Executing VM operation: ParallelGCFailedAllocation done
Event: 1093.150 Executing VM operation: ParallelGCFailedAllocation
Event: 1095.341 Executing VM operation: ParallelGCFailedAllocation done
Event: 1095.341 Executing VM operation: ParallelGCFailedAllocation
Event: 1099.847 Executing VM operation: ParallelGCFailedAllocation done

Events (20 events):
Event: 59.200 loading class java/nio/channels/AsynchronousCloseException done
Event: 59.200 loading class java/nio/channels/ClosedByInterruptException done
Event: 62.799 Thread 0x0000746e0c22fae0 Thread exited: 0x0000746e0c22fae0
Event: 66.703 Thread 0x0000746e0c0b4590 flushing nmethod 0x0000746df401ac10
Event: 66.726 Thread 0x0000746e0c0b4590 flushing nmethod 0x0000746df41d5490
Event: 66.727 Thread 0x0000746e0c0b4590 flushing nmethod 0x0000746df4291390
Event: 66.727 Thread 0x0000746e0c0b4590 flushing nmethod 0x0000746df4295590
Event: 66.727 Thread 0x0000746e0c0b4590 flushing nmethod 0x0000746df42a5090
Event: 66.732 Thread 0x0000746e0c0b4590 flushing nmethod 0x0000746df43d2910
Event: 68.241 loading class org/xml/sax/SAXException
Event: 68.295 loading class org/xml/sax/SAXException done
Event: 68.340 loading class com/sun/org/apache/xerces/internal/xni/XNIException
Event: 68.340 loading class com/sun/org/apache/xerces/internal/xni/XNIException done
Event: 68.340 loading class com/sun/org/apache/xerces/internal/xni/parser/XMLParseException
Event: 68.340 loading class com/sun/org/apache/xerces/internal/xni/parser/XMLParseException done
Event: 120.998 Thread 0x0000746d7c0132f0 Thread exited: 0x0000746d7c0132f0
Event: 120.998 Thread 0x0000746da847bfe0 Thread exited: 0x0000746da847bfe0
Event: 131.603 Thread 0x0000746d7c001130 Thread exited: 0x0000746d7c001130
Event: 206.263 Thread 0x0000746d803e9ac0 Thread exited: 0x0000746d803e9ac0
Event: 206.263 Thread 0x0000746d8c0010d0 Thread exited: 0x0000746d8c0010d0


Dynamic libraries:
e0000000-f0680000 rw-p 00000000 00:00 0 
f0680000-fb880000 rw-p 00000000 00:00 0 
fb880000-100000000 ---p 00000000 00:00 0 
800000000-800449000 rw-p 00001000 08:10 707969865                        /nix/store/gpxl5qgg8kicmcvivwmybwjlpf7wh20l-graalvm17-ce-22.3.0/lib/server/classes.jsa
800449000-800bc8000 r--p 0044a000 08:10 707969865                        /nix/store/gpxl5qgg8kicmcvivwmybwjlpf7wh20l-graalvm17-ce-22.3.0/lib/server/classes.jsa
800bc8000-800c00000 ---p 00000000 00:00 0 
800c00000-800c10000 rw-p 00000000 00:00 0 
800c10000-800c30000 rw-p 00000000 00:00 0 
800c30000-800cb0000 rw-p 00000000 00:00 0 
800cb0000-800cf0000 rw-p 00000000 00:00 0 
800cf0000-800db0000 rw-p 00000000 00:00 0 
800db0000-800df0000 rw-p 00000000 00:00 0 
800df0000-801120000 rw-p 00000000 00:00 0 
801120000-840c00000 ---p 00000000 00:00 0 
5eb3f627e000-5eb3f627f000 r-xp 00000000 08:10 672029940                  /nix/store/gpxl5qgg8kicmcvivwmybwjlpf7wh20l-graalvm17-ce-22.3.0/bin/.java-wrapped
5eb3f6280000-5eb3f6281000 r--p 00001000 08:10 672029940                  /nix/store/gpxl5qgg8kicmcvivwmybwjlpf7wh20l-graalvm17-ce-22.3.0/bin/.java-wrapped
5eb3f6281000-5eb3f6282000 rw-p 00002000 08:10 672029940                  /nix/store/gpxl5qgg8kicmcvivwmybwjlpf7wh20l-graalvm17-ce-22.3.0/bin/.java-wrapped
5eb3f6282000-5eb3f6283000 rw-p 00004000 08:10 672029940                  /nix/store/gpxl5qgg8kicmcvivwmybwjlpf7wh20l-graalvm17-ce-22.3.0/bin/.java-wrapped
5eb3f6283000-5eb3f6284000 rw-p 00005000 08:10 672029940                  /nix/store/gpxl5qgg8kicmcvivwmybwjlpf7wh20l-graalvm17-ce-22.3.0/bin/.java-wrapped
5eb3f72e1000-5eb3f7329000 rw-p 00000000 00:00 0                          [heap]
746d64000000-746d64126000 rw-p 00000000 00:00 0 
746d64126000-746d68000000 ---p 00000000 00:00 0 
746d6a4b3000-746d74000000 r--s 00000000 08:10 707804677                  /nix/store/gpxl5qgg8kicmcvivwmybwjlpf7wh20l-graalvm17-ce-22.3.0/lib/modules
746d74000000-746d74093000 rw-p 00000000 00:00 0 
746d74093000-746d78000000 ---p 00000000 00:00 0 
746d78000000-746d78021000 rw-p 00000000 00:00 0 
746d78021000-746d7c000000 ---p 00000000 00:00 0 
746d7c000000-746d7c040000 rw-p 00000000 00:00 0 
746d7c040000-746d80000000 ---p 00000000 00:00 0 
746d80000000-746d8040a000 rw-p 00000000 00:00 0 
746d8040a000-746d84000000 ---p 00000000 00:00 0 
746d84000000-746d84021000 rw-p 00000000 00:00 0 
746d84021000-746d88000000 ---p 00000000 00:00 0 
746d88000000-746d88021000 rw-p 00000000 00:00 0 
746d88021000-746d8c000000 ---p 00000000 00:00 0 
746d8c000000-746d8c3d1000 rw-p 00000000 00:00 0 
746d8c3d1000-746d90000000 ---p 00000000 00:00 0 
746d90000000-746d90073000 rw-p 00000000 00:00 0 
746d90073000-746d94000000 ---p 00000000 00:00 0 
746d94000000-746d94021000 rw-p 00000000 00:00 0 
746d94021000-746d98000000 ---p 00000000 00:00 0 
746d98000000-746d98091000 rw-p 00000000 00:00 0 
746d98091000-746d9c000000 ---p 00000000 00:00 0 
746d9c000000-746d9c021000 rw-p 00000000 00:00 0 
746d9c021000-746da0000000 ---p 00000000 00:00 0 
746da0000000-746da018a000 rw-p 00000000 00:00 0 
746da018a000-746da4000000 ---p 00000000 00:00 0 
746da4000000-746da4021000 rw-p 00000000 00:00 0 
746da4021000-746da8000000 ---p 00000000 00:00 0 
746da8000000-746da8904000 rw-p 00000000 00:00 0 
746da8904000-746dac000000 ---p 00000000 00:00 0 
746dac000000-746dac021000 rw-p 00000000 00:00 0 
746dac021000-746db0000000 ---p 00000000 00:00 0 
746db0000000-746db04e0000 rw-p 00000000 00:00 0 
746db04e0000-746db0800000 ---p 00000000 00:00 0 
746db0800000-746db0af0000 rw-p 00000000 00:00 0 
746db0af0000-746db0bb0000 rw-p 00000000 00:00 0 
746db0bb0000-746db0c00000 ---p 00000000 00:00 0 
746db0c00000-746db0ff0000 rw-p 00000000 00:00 0 
746db0ff0000-746db1000000 rw-p 00000000 00:00 0 
746db1400000-746db1bb0000 rw-p 00000000 00:00 0 
746db1bb0000-746db1c00000 rw-p 00000000 00:00 0 
746db2800000-746db2970000 rw-p 00000000 00:00 0 
746db2970000-746db29f0000 rw-p 00000000 00:00 0 
746db29f0000-746db2ef0000 rw-p 00000000 00:00 0 
746db2ef0000-746db2ff0000 rw-p 00000000 00:00 0 
746db2ff0000-746db30f0000 rw-p 00000000 00:00 0 
746db30f0000-746db31f0000 rw-p 00000000 00:00 0 
746db31f0000-746db36f0000 rw-p 00000000 00:00 0 
746db36f0000-746db3800000 rw-p 00000000 00:00 0 
746db3800000-746db3810000 r-xp 00000000 00:956 310                       /home/runner/198111/.cache/jdt-language-server/config/org.eclipse.equinox.launcher/org.eclipse.equinox.launcher.gtk.linux.x86_64_1.2.400.v20211117-0650/eclipse_11600.so
746db3810000-746db3a0f000 ---p 00010000 00:956 310                       /home/runner/198111/.cache/jdt-language-server/config/org.eclipse.equinox.launcher/org.eclipse.equinox.launcher.gtk.linux.x86_64_1.2.400.v20211117-0650/eclipse_11600.so
746db3a0f000-746db3a10000 r--p 0000f000 00:956 310                       /home/runner/198111/.cache/jdt-language-server/config/org.eclipse.equinox.launcher/org.eclipse.equinox.launcher.gtk.linux.x86_64_1.2.400.v20211117-0650/eclipse_11600.so
746db3a10000-746db3a11000 rw-p 00010000 00:956 310                       /home/runner/198111/.cache/jdt-language-server/config/org.eclipse.equinox.launcher/org.eclipse.equinox.launcher.gtk.linux.x86_64_1.2.400.v20211117-0650/eclipse_11600.so
746db4000000-746db4021000 rw-p 00000000 00:00 0 
746db4021000-746db8000000 ---p 00000000 00:00 0 
746db8900000-746db8a00000 ---p 00000000 00:00 0 
746db8a00000-746db8faf000 r--p 01122000 08:10 707802136                  /nix/store/gpxl5qgg8kicmcvivwmybwjlpf7wh20l-graalvm17-ce-22.3.0/lib/libjvmcicompiler.so
746db8faf000-746db9100000 r--p 00000000 00:00 0 
746db9100000-746db913d000 rw-p 00000000 00:00 0 
746db913d000-746db965d000 rw-p 0185f000 08:10 707802136                  /nix/store/gpxl5qgg8kicmcvivwmybwjlpf7wh20l-graalvm17-ce-22.3.0/lib/libjvmcicompiler.so
746db965d000-746db9a44000 r--p 01d7f000 08:10 707802136                  /nix/store/gpxl5qgg8kicmcvivwmybwjlpf7wh20l-graalvm17-ce-22.3.0/lib/libjvmcicompiler.so
746db9b00000-746db9b04000 ---p 00000000 00:00 0 
746db9b04000-746db9c00000 rw-p 00000000 00:00 0 
746db9c00000-746db9c04000 ---p 00000000 00:00 0 
746db9c04000-746db9d00000 rw-p 00000000 00:00 0 
746db9d00000-746db9d04000 ---p 00000000 00:00 0 
746db9d04000-746db9e00000 rw-p 00000000 00:00 0 
746db9f00000-746db9f04000 ---p 00000000 00:00 0 
746db9f04000-746dba000000 rw-p 00000000 00:00 0 
746dba100000-746dba104000 ---p 00000000 00:00 0 
746dba104000-746dba200000 rw-p 00000000 00:00 0 
746dba200000-746dba204000 ---p 00000000 00:00 0 
746dba204000-746dba300000 rw-p 00000000 00:00 0 
746dba300000-746dba304000 ---p 00000000 00:00 0 
746dba304000-746dba400000 rw-p 00000000 00:00 0 
746dba500000-746dba504000 ---p 00000000 00:00 0 
746dba504000-746dba600000 rw-p 00000000 00:00 0 
746dba700000-746dba704000 ---p 00000000 00:00 0 
746dba704000-746dba800000 rw-p 00000000 00:00 0 
746dba900000-746dba904000 ---p 00000000 00:00 0 
746dba904000-746dbaa00000 rw-p 00000000 00:00 0 
746dbab00000-746dbab04000 ---p 00000000 00:00 0 
746dbab04000-746dbac00000 rw-p 00000000 00:00 0 
746dbad00000-746dbad04000 ---p 00000000 00:00 0 
746dbad04000-746dbae00000 rw-p 00000000 00:00 0 
746dbba68000-746dbbf00000 rw-p 00000000 00:00 0 
746dbc000000-746dbc021000 rw-p 00000000 00:00 0 
746dbc021000-746dc0000000 ---p 00000000 00:00 0 
746dc0000000-746dc0021000 rw-p 00000000 00:00 0 
746dc0021000-746dc4000000 ---p 00000000 00:00 0 
746dc4000000-746dc4021000 rw-p 00000000 00:00 0 
746dc4021000-746dc8000000 ---p 00000000 00:00 0 
746dc8000000-746dc8021000 rw-p 00000000 00:00 0 
746dc8021000-746dcc000000 ---p 00000000 00:00 0 
746dcc000000-746dcc0c5000 rw-p 00000000 00:00 0 
746dcc0c5000-746dd0000000 ---p 00000000 00:00 0 
746dd0000000-746dd0a3c000 rw-p 00000000 00:00 0 
746dd0a3c000-746dd4000000 ---p 00000000 00:00 0 
746dd4000000-746dd4021000 rw-p 00000000 00:00 0 
746dd4021000-746dd8000000 ---p 00000000 00:00 0 
746dd8000000-746dd8021000 rw-p 00000000 00:00 0 
746dd8021000-746ddc000000 ---p 00000000 00:00 0 
746ddc000000-746ddc021000 rw-p 00000000 00:00 0 
746ddc021000-746de0000000 ---p 00000000 00:00 0 
746de0000000-746de0021000 rw-p 00000000 00:00 0 
746de0021000-746de4000000 ---p 00000000 00:00 0 
746de4000000-746de4021000 rw-p 00000000 00:00 0 
746de4021000-746de8000000 ---p 00000000 00:00 0 
746de8000000-746de8021000 rw-p 00000000 00:00 0 
746de8021000-746dec000000 ---p 00000000 00:00 0 
746dec000000-746dec04c000 rw-p 00000000 00:00 0 
746dec04c000-746df0000000 ---p 00000000 00:00 0 
746df0100000-746df0104000 ---p 00000000 00:00 0 
746df0104000-746df0200000 rw-p 00000000 00:00 0 
746df0300000-746df0304000 ---p 00000000 00:00 0 
746df0304000-746df0400000 rw-p 00000000 00:00 0 
746df0500000-746df0504000 ---p 00000000 00:00 0 
746df0504000-746df0600000 rw-p 00000000 00:00 0 
746df0600000-746df276a000 r-xp 00000000 08:10 707802136                  /nix/store/gpxl5qgg8kicmcvivwmybwjlpf7wh20l-graalvm17-ce-22.3.0/lib/libjvmcicompiler.so
746df276a000-746df2969000 ---p 0216a000 08:10 707802136                  /nix/store/gpxl5qgg8kicmcvivwmybwjlpf7wh20l-graalvm17-ce-22.3.0/lib/libjvmcicompiler.so
746df2969000-746df296a000 r--p 02169000 08:10 707802136                  /nix/store/gpxl5qgg8kicmcvivwmybwjlpf7wh20l-graalvm17-ce-22.3.0/lib/libjvmcicompiler.so
746df296a000-746df296c000 rw-p 0216a000 08:10 707802136                  /nix/store/gpxl5qgg8kicmcvivwmybwjlpf7wh20l-graalvm17-ce-22.3.0/lib/libjvmcicompiler.so
746df296c000-746df296d000 rw-p 00000000 00:00 0 
746df296d000-746df2972000 rw-p 023c3000 08:10 707802136                  /nix/store/gpxl5qgg8kicmcvivwmybwjlpf7wh20l-graalvm17-ce-22.3.0/lib/libjvmcicompiler.so
746df29b1000-746df29b5000 ---p 00000000 00:00 0 
746df29b5000-746df2ab1000 rw-p 00000000 00:00 0 
746df2ab1000-746df2ab2000 ---p 00000000 00:00 0 
746df2ab2000-746df2bb3000 rw-p 00000000 00:00 0 
746df2bb3000-746df2bb7000 ---p 00000000 00:00 0 
746df2bb7000-746df2cb3000 rw-p 00000000 00:00 0 
746df2cb3000-746df2cb7000 ---p 00000000 00:00 0 
746df2cb7000-746df2db3000 rw-p 00000000 00:00 0 
746df2db3000-746df2db7000 ---p 00000000 00:00 0 
746df2db7000-746df2eb3000 rw-p 00000000 00:00 0 
746df2eb3000-746df2eb7000 ---p 00000000 00:00 0 
746df2eb7000-746df30b3000 rw-p 00000000 00:00 0 
746df30b3000-746df30b7000 ---p 00000000 00:00 0 
746df30b7000-746df32b3000 rw-p 00000000 00:00 0 
746df32b3000-746df32b7000 ---p 00000000 00:00 0 
746df32b7000-746df33b3000 rw-p 00000000 00:00 0 
746df33b3000-746df33b7000 ---p 00000000 00:00 0 
746df33b7000-746df34b3000 rw-p 00000000 00:00 0 
746df34b3000-746df3723000 rwxp 00000000 00:00 0 
746df3723000-746df3a42000 ---p 00000000 00:00 0 
746df3a42000-746df48a2000 rwxp 00000000 00:00 0 
746df48a2000-746dfaf7a000 ---p 00000000 00:00 0 
746dfaf7a000-746dfb1ea000 rwxp 00000000 00:00 0 
746dfb1ea000-746e024b3000 ---p 00000000 00:00 0 
746e024b3000-746e0c000000 r--s 00000000 08:10 707804677                  /nix/store/gpxl5qgg8kicmcvivwmybwjlpf7wh20l-graalvm17-ce-22.3.0/lib/modules
746e0c000000-746e0c407000 rw-p 00000000 00:00 0 
746e0c407000-746e10000000 ---p 00000000 00:00 0 
746e10048000-746e1004c000 ---p 00000000 00:00 0 
746e1004c000-746e10148000 rw-p 00000000 00:00 0 
746e10148000-746e1042e000 r--p 00000000 08:01 1295453                    /usr/lib/locale/locale-archive
746e1042e000-746e10432000 ---p 00000000 00:00 0 
746e10432000-746e1052e000 rw-p 00000000 00:00 0 
746e1052e000-746e10532000 ---p 00000000 00:00 0 
746e10532000-746e1062e000 rw-p 00000000 00:00 0 
746e1062e000-746e1062f000 ---p 00000000 00:00 0 
746e1062f000-746e10730000 rw-p 00000000 00:00 0 
746e10730000-746e107fe000 r-xp 00000000 08:10 707802132                  /nix/store/gpxl5qgg8kicmcvivwmybwjlpf7wh20l-graalvm17-ce-22.3.0/lib/libjsvml.so
746e107fe000-746e107ff000 r--p 000cd000 08:10 707802132                  /nix/store/gpxl5qgg8kicmcvivwmybwjlpf7wh20l-graalvm17-ce-22.3.0/lib/libjsvml.so
746e107ff000-746e10800000 rw-p 000ce000 08:10 707802132                  /nix/store/gpxl5qgg8kicmcvivwmybwjlpf7wh20l-graalvm17-ce-22.3.0/lib/libjsvml.so
746e10800000-746e10bf0000 rw-p 00000000 00:00 0 
746e10bf0000-746e10ef0000 rw-p 00000000 00:00 0 
746e10ef0000-746e11000000 rw-p 00000000 00:00 0 
746e11004000-746e11008000 ---p 00000000 00:00 0 
746e11008000-746e11026000 rw-p 00000000 00:00 0 
746e11026000-746e1102d000 r-xp 00000000 08:10 707804676                  /nix/store/gpxl5qgg8kicmcvivwmybwjlpf7wh20l-graalvm17-ce-22.3.0/lib/libzip.so
746e1102d000-746e1102e000 ---p 00007000 08:10 707804676                  /nix/store/gpxl5qgg8kicmcvivwmybwjlpf7wh20l-graalvm17-ce-22.3.0/lib/libzip.so
746e1102e000-746e1102f000 r--p 00007000 08:10 707804676                  /nix/store/gpxl5qgg8kicmcvivwmybwjlpf7wh20l-graalvm17-ce-22.3.0/lib/libzip.so
746e1102f000-746e11030000 rw-p 00008000 08:10 707804676                  /nix/store/gpxl5qgg8kicmcvivwmybwjlpf7wh20l-graalvm17-ce-22.3.0/lib/libzip.so
746e11030000-746e11032000 rw-p 0000b000 08:10 707804676                  /nix/store/gpxl5qgg8kicmcvivwmybwjlpf7wh20l-graalvm17-ce-22.3.0/lib/libzip.so
746e11032000-746e11047000 r-xp 00000000 08:10 707804666                  /nix/store/gpxl5qgg8kicmcvivwmybwjlpf7wh20l-graalvm17-ce-22.3.0/lib/libnet.so
746e11047000-746e11048000 ---p 00015000 08:10 707804666                  /nix/store/gpxl5qgg8kicmcvivwmybwjlpf7wh20l-graalvm17-ce-22.3.0/lib/libnet.so
746e11048000-746e11049000 r--p 00015000 08:10 707804666                  /nix/store/gpxl5qgg8kicmcvivwmybwjlpf7wh20l-graalvm17-ce-22.3.0/lib/libnet.so
746e11049000-746e1104a000 rw-p 00016000 08:10 707804666                  /nix/store/gpxl5qgg8kicmcvivwmybwjlpf7wh20l-graalvm17-ce-22.3.0/lib/libnet.so
746e1104a000-746e1104d000 rw-p 0001b000 08:10 707804666                  /nix/store/gpxl5qgg8kicmcvivwmybwjlpf7wh20l-graalvm17-ce-22.3.0/lib/libnet.so
746e1104d000-746e11060000 r-xp 00000000 08:10 707804667                  /nix/store/gpxl5qgg8kicmcvivwmybwjlpf7wh20l-graalvm17-ce-22.3.0/lib/libnio.so
746e11060000-746e11061000 r--p 00012000 08:10 707804667                  /nix/store/gpxl5qgg8kicmcvivwmybwjlpf7wh20l-graalvm17-ce-22.3.0/lib/libnio.so
746e11061000-746e11062000 rw-p 00013000 08:10 707804667                  /nix/store/gpxl5qgg8kicmcvivwmybwjlpf7wh20l-graalvm17-ce-22.3.0/lib/libnio.so
746e11062000-746e11067000 rw-p 00019000 08:10 707804667                  /nix/store/gpxl5qgg8kicmcvivwmybwjlpf7wh20l-graalvm17-ce-22.3.0/lib/libnio.so
746e11067000-746e1293f000 rw-p 00000000 00:00 0 
746e1293f000-746e12940000 ---p 00000000 00:00 0 
746e12940000-746e12ac5000 rw-p 00000000 00:00 0 
746e12ac5000-746e12b1e000 rw-p 00000000 00:00 0 
746e12b1e000-746e12b41000 ---p 00000000 00:00 0 
746e12b41000-746e12b47000 rw-p 00000000 00:00 0 
746e12b47000-746e12c2d000 ---p 00000000 00:00 0 
746e12c2d000-746e12c4a000 rw-p 00000000 00:00 0 
746e12c4a000-746e12d18000 ---p 00000000 00:00 0 
746e12d18000-746e12d1d000 rw-p 00000000 00:00 0 
746e12d1d000-746e12d24000 ---p 00000000 00:00 0 
746e12d24000-746e12d48000 r-xp 00000000 08:10 707802124                  /nix/store/gpxl5qgg8kicmcvivwmybwjlpf7wh20l-graalvm17-ce-22.3.0/lib/libjava.so
746e12d48000-746e12d49000 ---p 00024000 08:10 707802124                  /nix/store/gpxl5qgg8kicmcvivwmybwjlpf7wh20l-graalvm17-ce-22.3.0/lib/libjava.so
746e12d49000-746e12d4a000 r--p 00024000 08:10 707802124                  /nix/store/gpxl5qgg8kicmcvivwmybwjlpf7wh20l-graalvm17-ce-22.3.0/lib/libjava.so
746e12d4a000-746e12d4b000 rw-p 00025000 08:10 707802124                  /nix/store/gpxl5qgg8kicmcvivwmybwjlpf7wh20l-graalvm17-ce-22.3.0/lib/libjava.so
746e12d4b000-746e12d4c000 rw-p 00000000 00:00 0 
746e12d4c000-746e12d53000 rw-p 0002f000 08:10 707802124                  /nix/store/gpxl5qgg8kicmcvivwmybwjlpf7wh20l-graalvm17-ce-22.3.0/lib/libjava.so
746e12d53000-746e12d5b000 rw-s 00000000 00:4d4 376                       /tmp/hsperfdata_runner/50
746e12d5b000-746e12d5c000 ---p 00000000 00:00 0 
746e12d5c000-746e12d5d000 r--p 00000000 00:00 0 
746e12d5d000-746e12d5e000 rwxp 00000000 00:00 0 
746e12d5e000-746e12d79000 r-xp 00000000 08:10 707802128                  /nix/store/gpxl5qgg8kicmcvivwmybwjlpf7wh20l-graalvm17-ce-22.3.0/lib/libjimage.so
746e12d79000-746e12d7a000 ---p 0001b000 08:10 707802128                  /nix/store/gpxl5qgg8kicmcvivwmybwjlpf7wh20l-graalvm17-ce-22.3.0/lib/libjimage.so
746e12d7a000-746e12d7c000 r--p 0001b000 08:10 707802128                  /nix/store/gpxl5qgg8kicmcvivwmybwjlpf7wh20l-graalvm17-ce-22.3.0/lib/libjimage.so
746e12d7c000-746e12d7d000 rw-p 0001d000 08:10 707802128                  /nix/store/gpxl5qgg8kicmcvivwmybwjlpf7wh20l-graalvm17-ce-22.3.0/lib/libjimage.so
746e12d7d000-746e12d7e000 rw-p 00024000 08:10 707802128                  /nix/store/gpxl5qgg8kicmcvivwmybwjlpf7wh20l-graalvm17-ce-22.3.0/lib/libjimage.so
746e12d7e000-746e12d82000 ---p 00000000 00:00 0 
746e12d82000-746e12e7e000 rw-p 00000000 00:00 0 
746e12e7e000-746e12e8c000 r--p 00000000 08:10 600592023                  /nix/store/4nlgxhb09sdr51nc9hdm8az5b08vzkgx-glibc-2.35-163/lib/libm.so.6
746e12e8c000-746e12eff000 r-xp 0000e000 08:10 600592023                  /nix/store/4nlgxhb09sdr51nc9hdm8az5b08vzkgx-glibc-2.35-163/lib/libm.so.6
746e12eff000-746e12f5c000 r--p 00081000 08:10 600592023                  /nix/store/4nlgxhb09sdr51nc9hdm8az5b08vzkgx-glibc-2.35-163/lib/libm.so.6
746e12f5c000-746e12f5d000 r--p 000dd000 08:10 600592023                  /nix/store/4nlgxhb09sdr51nc9hdm8az5b08vzkgx-glibc-2.35-163/lib/libm.so.6
746e12f5d000-746e12f5e000 rw-p 000de000 08:10 600592023                  /nix/store/4nlgxhb09sdr51nc9hdm8az5b08vzkgx-glibc-2.35-163/lib/libm.so.6
746e12f5e000-746e12f5f000 r--p 00000000 08:10 600592042                  /nix/store/4nlgxhb09sdr51nc9hdm8az5b08vzkgx-glibc-2.35-163/lib/librt.so.1
746e12f5f000-746e12f60000 r-xp 00001000 08:10 600592042                  /nix/store/4nlgxhb09sdr51nc9hdm8az5b08vzkgx-glibc-2.35-163/lib/librt.so.1
746e12f60000-746e12f61000 r--p 00002000 08:10 600592042                  /nix/store/4nlgxhb09sdr51nc9hdm8az5b08vzkgx-glibc-2.35-163/lib/librt.so.1
746e12f61000-746e12f62000 r--p 00002000 08:10 600592042                  /nix/store/4nlgxhb09sdr51nc9hdm8az5b08vzkgx-glibc-2.35-163/lib/librt.so.1
746e12f62000-746e12f63000 rw-p 00003000 08:10 600592042                  /nix/store/4nlgxhb09sdr51nc9hdm8az5b08vzkgx-glibc-2.35-163/lib/librt.so.1
746e12f63000-746e14076000 r-xp 00000000 08:10 707972962                  /nix/store/gpxl5qgg8kicmcvivwmybwjlpf7wh20l-graalvm17-ce-22.3.0/lib/server/libjvm.so
746e14076000-746e14077000 ---p 01113000 08:10 707972962                  /nix/store/gpxl5qgg8kicmcvivwmybwjlpf7wh20l-graalvm17-ce-22.3.0/lib/server/libjvm.so
746e14077000-746e1412c000 r--p 01113000 08:10 707972962                  /nix/store/gpxl5qgg8kicmcvivwmybwjlpf7wh20l-graalvm17-ce-22.3.0/lib/server/libjvm.so
746e1412c000-746e14160000 rw-p 011c8000 08:10 707972962                  /nix/store/gpxl5qgg8kicmcvivwmybwjlpf7wh20l-graalvm17-ce-22.3.0/lib/server/libjvm.so
746e14160000-746e141bc000 rw-p 00000000 00:00 0 
746e141bc000-746e141e4000 r--p 00000000 08:10 600592014                  /nix/store/4nlgxhb09sdr51nc9hdm8az5b08vzkgx-glibc-2.35-163/lib/libc.so.6
746e141e4000-746e1435a000 r-xp 00028000 08:10 600592014                  /nix/store/4nlgxhb09sdr51nc9hdm8az5b08vzkgx-glibc-2.35-163/lib/libc.so.6
746e1435a000-746e143b2000 r--p 0019e000 08:10 600592014                  /nix/store/4nlgxhb09sdr51nc9hdm8az5b08vzkgx-glibc-2.35-163/lib/libc.so.6
746e143b2000-746e143b6000 r--p 001f6000 08:10 600592014                  /nix/store/4nlgxhb09sdr51nc9hdm8az5b08vzkgx-glibc-2.35-163/lib/libc.so.6
746e143b6000-746e143b8000 rw-p 001fa000 08:10 600592014                  /nix/store/4nlgxhb09sdr51nc9hdm8az5b08vzkgx-glibc-2.35-163/lib/libc.so.6
746e143b8000-746e143c7000 rw-p 00000000 00:00 0 
746e143c7000-746e143c8000 r--p 00000000 08:10 600592019                  /nix/store/4nlgxhb09sdr51nc9hdm8az5b08vzkgx-glibc-2.35-163/lib/libdl.so.2
746e143c8000-746e143c9000 r-xp 00001000 08:10 600592019                  /nix/store/4nlgxhb09sdr51nc9hdm8az5b08vzkgx-glibc-2.35-163/lib/libdl.so.2
746e143c9000-746e143ca000 r--p 00002000 08:10 600592019                  /nix/store/4nlgxhb09sdr51nc9hdm8az5b08vzkgx-glibc-2.35-163/lib/libdl.so.2
746e143ca000-746e143cb000 r--p 00002000 08:10 600592019                  /nix/store/4nlgxhb09sdr51nc9hdm8az5b08vzkgx-glibc-2.35-163/lib/libdl.so.2
746e143cb000-746e143cc000 rw-p 00003000 08:10 600592019                  /nix/store/4nlgxhb09sdr51nc9hdm8az5b08vzkgx-glibc-2.35-163/lib/libdl.so.2
746e143cc000-746e143cd000 r--p 00000000 08:10 600592038                  /nix/store/4nlgxhb09sdr51nc9hdm8az5b08vzkgx-glibc-2.35-163/lib/libpthread.so.0
746e143cd000-746e143ce000 r-xp 00001000 08:10 600592038                  /nix/store/4nlgxhb09sdr51nc9hdm8az5b08vzkgx-glibc-2.35-163/lib/libpthread.so.0
746e143ce000-746e143cf000 r--p 00002000 08:10 600592038                  /nix/store/4nlgxhb09sdr51nc9hdm8az5b08vzkgx-glibc-2.35-163/lib/libpthread.so.0
746e143cf000-746e143d0000 r--p 00002000 08:10 600592038                  /nix/store/4nlgxhb09sdr51nc9hdm8az5b08vzkgx-glibc-2.35-163/lib/libpthread.so.0
746e143d0000-746e143d1000 rw-p 00003000 08:10 600592038                  /nix/store/4nlgxhb09sdr51nc9hdm8az5b08vzkgx-glibc-2.35-163/lib/libpthread.so.0
746e143d1000-746e143df000 r-xp 00000000 08:10 707802129                  /nix/store/gpxl5qgg8kicmcvivwmybwjlpf7wh20l-graalvm17-ce-22.3.0/lib/libjli.so
746e143df000-746e143e0000 ---p 0000e000 08:10 707802129                  /nix/store/gpxl5qgg8kicmcvivwmybwjlpf7wh20l-graalvm17-ce-22.3.0/lib/libjli.so
746e143e0000-746e143e1000 r--p 0000e000 08:10 707802129                  /nix/store/gpxl5qgg8kicmcvivwmybwjlpf7wh20l-graalvm17-ce-22.3.0/lib/libjli.so
746e143e1000-746e143e2000 rw-p 0000f000 08:10 707802129                  /nix/store/gpxl5qgg8kicmcvivwmybwjlpf7wh20l-graalvm17-ce-22.3.0/lib/libjli.so
746e143e2000-746e143e3000 rw-p 00012000 08:10 707802129                  /nix/store/gpxl5qgg8kicmcvivwmybwjlpf7wh20l-graalvm17-ce-22.3.0/lib/libjli.so
746e143e3000-746e143e6000 r--p 00000000 08:10 678822167                  /nix/store/026hln0aq1hyshaxsdvhg0kmcm6yf45r-zlib-1.2.13/lib/libz.so.1.2.13
746e143e6000-746e143f8000 r-xp 00003000 08:10 678822167                  /nix/store/026hln0aq1hyshaxsdvhg0kmcm6yf45r-zlib-1.2.13/lib/libz.so.1.2.13
746e143f8000-746e143ff000 r--p 00015000 08:10 678822167                  /nix/store/026hln0aq1hyshaxsdvhg0kmcm6yf45r-zlib-1.2.13/lib/libz.so.1.2.13
746e143ff000-746e14400000 r--p 0001b000 08:10 678822167                  /nix/store/026hln0aq1hyshaxsdvhg0kmcm6yf45r-zlib-1.2.13/lib/libz.so.1.2.13
746e14400000-746e14401000 rw-p 0001c000 08:10 678822167                  /nix/store/026hln0aq1hyshaxsdvhg0kmcm6yf45r-zlib-1.2.13/lib/libz.so.1.2.13
746e14401000-746e14403000 rw-p 00000000 00:00 0 
746e14403000-746e14405000 r--p 00000000 08:10 600592008                  /nix/store/4nlgxhb09sdr51nc9hdm8az5b08vzkgx-glibc-2.35-163/lib/ld-linux-x86-64.so.2
746e14405000-746e1442c000 r-xp 00002000 08:10 600592008                  /nix/store/4nlgxhb09sdr51nc9hdm8az5b08vzkgx-glibc-2.35-163/lib/ld-linux-x86-64.so.2
746e1442c000-746e14438000 r--p 00029000 08:10 600592008                  /nix/store/4nlgxhb09sdr51nc9hdm8az5b08vzkgx-glibc-2.35-163/lib/ld-linux-x86-64.so.2
746e14438000-746e1443a000 r--p 00034000 08:10 600592008                  /nix/store/4nlgxhb09sdr51nc9hdm8az5b08vzkgx-glibc-2.35-163/lib/ld-linux-x86-64.so.2
746e1443a000-746e1443c000 rw-p 00036000 08:10 600592008                  /nix/store/4nlgxhb09sdr51nc9hdm8az5b08vzkgx-glibc-2.35-163/lib/ld-linux-x86-64.so.2
7ffee917e000-7ffee91a2000 rw-p 00000000 00:00 0                          [stack]
7ffee91ec000-7ffee91f0000 r--p 00000000 00:00 0                          [vvar]
7ffee91f0000-7ffee91f2000 r-xp 00000000 00:00 0                          [vdso]
ffffffffff600000-ffffffffff601000 --xp 00000000 00:00 0                  [vsyscall]


VM Arguments:
jvm_args: -XX:ThreadPriorityPolicy=1 -XX:+UnlockExperimentalVMOptions -XX:+EnableJVMCIProduct -XX:JVMCIThreadsPerNativeLibraryRuntime=1 -XX:-UnlockExperimentalVMOptions -Declipse.application=org.eclipse.jdt.ls.core.id1 -Dosgi.bundles.defaultStartLevel=4 -Declipse.product=org.eclipse.jdt.ls.core.product -Dlog.level=ALL -Xverify:none -XX:+UseParallelGC -XX:GCTimeRatio=4 -XX:AdaptiveSizePolicyWeight=90 -Dsun.zip.disableMemoryMapping=true -Xmx512m -Xms100m 
java_command: /nix/store/q9712qvwdh22a4krw4jz2sjrz07mvjbl-jdt-language-server-1.9.0/share/java/plugins/org.eclipse.equinox.launcher_1.6.400.v20210924-0641.jar --add-modules=ALL-SYSTEM --add-opens java.base/java.util=ALL-UNNAMED --add-opens java.base/java.lang=ALL-UNNAMED -configuration /home/runner/198111/.cache/jdt-language-server/config -data /home/runner/.cache/jdt-language-server/data/home/runner/198111
java_class_path (initial): /nix/store/q9712qvwdh22a4krw4jz2sjrz07mvjbl-jdt-language-server-1.9.0/share/java/plugins/org.eclipse.equinox.launcher_1.6.400.v20210924-0641.jar
Launcher Type: SUN_STANDARD

[Global flags]
    uintx AdaptiveSizePolicyWeight                 = 90                                        {product} {command line}
     intx CICompilerCount                          = 2                                         {product} {ergonomic}
     bool EnableJVMCIProduct                       = true                                {JVMCI product} {jimage}
    uintx GCTimeRatio                              = 4                                         {product} {command line}
   size_t InitialHeapSize                          = 104857600                                 {product} {command line}
     uint JVMCIThreadsPerNativeLibraryRuntime      = 1                                   {JVMCI product} {jimage}
   size_t MaxHeapSize                              = 536870912                                 {product} {command line}
   size_t MaxNewSize                               = 178782208                                 {product} {ergonomic}
   size_t MinHeapDeltaBytes                        = 524288                                    {product} {ergonomic}
   size_t MinHeapSize                              = 104857600                                 {product} {command line}
   size_t NewSize                                  = 34603008                                  {product} {ergonomic}
    uintx NonNMethodCodeHeapSize                   = 5826188                                {pd product} {ergonomic}
    uintx NonProfiledCodeHeapSize                  = 122916026                              {pd product} {ergonomic}
   size_t OldSize                                  = 70254592                                  {product} {ergonomic}
    uintx ProfiledCodeHeapSize                     = 122916026                              {pd product} {ergonomic}
    uintx ReservedCodeCacheSize                    = 251658240                              {pd product} {ergonomic}
     bool SegmentedCodeCache                       = true                                      {product} {ergonomic}
   size_t SoftMaxHeapSize                          = 536870912                              {manageable} {ergonomic}
     intx ThreadPriorityPolicy                     = 1                                         {product} {jimage}
     bool UseCompressedClassPointers               = true                           {product lp64_product} {ergonomic}
     bool UseCompressedOops                        = true                           {product lp64_product} {ergonomic}
     bool UseParallelGC                            = true                                      {product} {command line}

Logging:
Log output configuration:
 #0: stdout all=warning uptime,level,tags
 #1: stderr all=off uptime,level,tags

Environment Variables:
JAVA_HOME=/nix/store/gpxl5qgg8kicmcvivwmybwjlpf7wh20l-graalvm17-ce-22.3.0
PATH=/nix/store/1d6ian3r8kdzspw8hacjhl3xkp40g1lj-binutils-wrapper-2.39/bin:/nix/store/dq0xwmsk1g0i2ayg6pb7y87na2knzylh-gcc-wrapper-11.3.0/bin:/nix/store/bap4d0lpcrhpwmpb8ayjcgkmvfj62lnq-bash-interactive-5.1-p16/bin:/nix/store/pr5n59mb4jzmfx6kanwxly0l07p861fg-patchelf-0.15.0/bin:/nix/store/1gf2flfqnpqbr1b4p4qz2f72y42bs56r-gcc-11.3.0/bin:/nix/store/57xv61c5zi8pphjbcwxxjlgc34p61ic9-glibc-2.35-163-bin/bin:/nix/store/a7gvj343m05j2s32xcnwr35v31ynlypr-coreutils-9.1/bin:/nix/store/039g378vc3pc3dvi9dzdlrd0i4q93qwf-binutils-2.39/bin:/nix/store/gpxl5qgg8kicmcvivwmybwjlpf7wh20l-graalvm17-ce-22.3.0/bin:/nix/store/6z9ag3ihc8mq2hzsw48lhbznvzny65nz-apache-maven-3.8.6/bin:/nix/store/q9712qvwdh22a4krw4jz2sjrz07mvjbl-jdt-language-server-1.9.0/bin:/nix/store/9zdrgm97n766nc0kj11x4xvvp00qlfk9-java-debug/bin:/nix/store/mydc6f4k2z73xlcz7ilif3v2lcaiqvza-findutils-4.9.0/bin:/nix/store/j9p3g8472iijd50vhdprx0nmk2fqn5gv-diffutils-3.8/bin:/nix/store/89zs7rms6x00xfq4dq6m7mjnhkr8a6r4-gnused-4.8/bin:/nix/store/86bp03jkmsl6f92w0yzg4s59g5mhxwmy-gnugrep-3.7/bin:/nix/store/hwcdqw4jrjnd37wxqgsd47hd0j8bnj09-gawk-5.1.1/bin:/nix/store/cfbhw8r8ags41vwqaz47r583d0p4h4a1-gnutar-1.34/bin:/nix/store/p3m1ndl1lapwrlh698bnb5lvvxh67378-gzip-1.12/bin:/nix/store/a8mhcagrsly7c7mpjrpsnaahk4aax056-bzip2-1.0.8-bin/bin:/nix/store/mblgz65m3zv9x548a3d5m96fj2pbwr09-gnumake-4.3/bin:/nix/store/dsd5gz46hdbdk2rfdimqddhq6m8m8fqs-bash-5.1-p16/bin:/nix/store/v7ljksji50mg3w61dykaa3n3y79n6nil-patch-2.7.6/bin:/nix/store/zlcnmqq14jz5x9439jf937mvayyl63da-xz-5.2.7-bin/bin:/nix/store/y6aj732zm9m87c82fpvf103a1xb22blp-file-5.43/bin:/nix/store/18kvjsif8wsl2ymjki1px5qx2pcci9bb-pid1/bin:/nix/store/1b6y3s4pvp52jxgfxjsgwy68m247gvqm-replit-runtime-path/bin:/home/runner/.nix-profile/bin:/home/runner/.local/bin:/usr/local/sbin:/usr/local/bin:/usr/sbin:/usr/bin:/sbin:/bin
LD_LIBRARY_PATH=/nix/store/a4pff549sk2idnkpzk5nsfps3mdkdnvm-cups-2.4.2-lib/lib:/nix/store/72mqxxhh3cy5yifh92wh2yb8cl2hikyy-cairo-1.16.0/lib:/nix/store/2k366jrbsra97gjfxwvrhvixjfxdach5-glib-2.74.1/lib:/nix/store/2j2znigd8ak37rlwh9khz0ry3clqlw1l-gtk+3-3.24.34/lib:/nix/store/q4hrphx851xvkcnyyvqqyf1yjgmkmiar-mesa-22.2.3-drivers/lib:/nix/store/cxhib72pd7n3fzl1yh6lrm4q16l42kws-libglvnd-1.5.0/lib:/nix/store/bvihhgw8bh6cqqlj0d4s8cvmm4mqmzfc-pulseaudio-16.1/lib
DISPLAY=:0
LANG=en_US.UTF-8

Signal Handlers:
   SIGSEGV: crash_handler in libjvm.so, mask=11100100010111111101111111111110, flags=SA_RESTART|SA_SIGINFO
    SIGBUS: crash_handler in libjvm.so, mask=11100100010111111101111111111110, flags=SA_RESTART|SA_SIGINFO
    SIGFPE: crash_handler in libjvm.so, mask=11100100010111111101111111111110, flags=SA_RESTART|SA_SIGINFO
   SIGPIPE: IsolateEnterStub_IgnoreSIGPIPEStartupHook_noopSignalHandler_8f19bff2f35b5f630d83b364d6b2339320d4ec70_216e8361c6bc87a8f89f58cc10d3b2fd4415bf87 in libjvmcicompiler.so, mask=00000000000000000000000000000000, flags=SA_RESTART
  *** Handler was modified!
  *** Expected: javaSignalHandler in libjvm.so, mask=11100100110111111111111111111110, flags=SA_RESTART|SA_SIGINFO
   SIGXFSZ: javaSignalHandler in libjvm.so, mask=11100100010111111101111111111110, flags=SA_RESTART|SA_SIGINFO
    SIGILL: crash_handler in libjvm.so, mask=11100100010111111101111111111110, flags=SA_RESTART|SA_SIGINFO
   SIGUSR2: SR_handler in libjvm.so, mask=00000000000000000000000000000000, flags=SA_RESTART|SA_SIGINFO
    SIGHUP: UserHandler in libjvm.so, mask=11100100010111111101111111111110, flags=SA_RESTART|SA_SIGINFO
    SIGINT: UserHandler in libjvm.so, mask=11100100010111111101111111111110, flags=SA_RESTART|SA_SIGINFO
   SIGTERM: UserHandler in libjvm.so, mask=11100100010111111101111111111110, flags=SA_RESTART|SA_SIGINFO
   SIGQUIT: UserHandler in libjvm.so, mask=11100100010111111101111111111110, flags=SA_RESTART|SA_SIGINFO
  *** Handler was modified!
  *** Expected: javaSignalHandler in libjvm.so, mask=11100100110111111111111111111110, flags=SA_RESTART|SA_SIGINFO
   SIGTRAP: crash_handler in libjvm.so, mask=11100100010111111101111111111110, flags=SA_RESTART|SA_SIGINFO


---------------  S Y S T E M  ---------------

OS:
DISTRIB_ID=Ubuntu
DISTRIB_RELEASE=20.04
DISTRIB_CODENAME=focal
DISTRIB_DESCRIPTION="Ubuntu 20.04.2 LTS"
uname: Linux 6.5.0-1018-gcp #18~22.04.1-Ubuntu SMP Fri Apr  5 04:57:38 UTC 2024 x86_64
OS uptime: 0 days 10:18 hours
libc: glibc 2.35 NPTL 2.35 
rlimit (soft/hard): STACK 8192k/infinity , CORE infinity/infinity , NPROC infinity/infinity , NOFILE 5242/5242 , AS infinity/infinity , CPU infinity/infinity , DATA infinity/infinity , FSIZE infinity/infinity , MEMLOCK 8192k/8192k
load average: 12.27 12.69 12.65

/proc/meminfo:
MemTotal:       65835400 kB
MemFree:        31467516 kB
MemAvailable:   41260164 kB
Buffers:          385832 kB
Cached:          8987012 kB
SwapCached:            0 kB
Active:         23227648 kB
Inactive:        8337124 kB
Active(anon):   19799000 kB
Inactive(anon):  2482220 kB
Active(file):    3428648 kB
Inactive(file):  5854904 kB
Unevictable:       28192 kB
Mlocked:           28192 kB
SwapTotal:             0 kB
SwapFree:              0 kB
Zswap:                 0 kB
Zswapped:              0 kB
Dirty:             11588 kB
Writeback:             0 kB
AnonPages:      22019392 kB
Mapped:          2153232 kB
Shmem:            124884 kB
KReclaimable:    1235548 kB
Slab:            1890004 kB
SReclaimable:    1235548 kB
SUnreclaim:       654456 kB
KernelStack:      176864 kB
PageTables:       323004 kB
SecPageTables:         0 kB
NFS_Unstable:          0 kB
Bounce:                0 kB
WritebackTmp:          0 kB
CommitLimit:    32917700 kB
Committed_AS:   66215644 kB
VmallocTotal:   34359738367 kB
VmallocUsed:      205816 kB
VmallocChunk:          0 kB
Percpu:            47456 kB
HardwareCorrupted:     0 kB
AnonHugePages:    507904 kB
ShmemHugePages:        0 kB
ShmemPmdMapped:        0 kB
FileHugePages:         0 kB
FilePmdMapped:         0 kB
Unaccepted:            0 kB
HugePages_Total:       0
HugePages_Free:        0
HugePages_Rsvd:        0
HugePages_Surp:        0
Hugepagesize:       2048 kB
Hugetlb:               0 kB
DirectMap4k:      215864 kB
DirectMap2M:    27043840 kB
DirectMap1G:    41943040 kB

/sys/kernel/mm/transparent_hugepage/enabled: always [madvise] never
/sys/kernel/mm/transparent_hugepage/defrag (defrag/compaction efforts parameter): always defer defer+madvise [madvise] never

Process Memory:
Virtual Size: 4381288K (peak: 4464424K)
Resident Set Size: 747592K (peak: 779248K) (anon: 550584K, file: 197008K, shmem: 0K)
Swapped out: 0K
C-Heap outstanding allocations: 38118K, retained: 14905K
glibc malloc tunables: (default)

/proc/sys/kernel/threads-max (system-wide limit on the number of threads): 514277
/proc/sys/vm/max_map_count (maximum number of memory map areas a process may have): 65530
/proc/sys/kernel/pid_max (system-wide limit on number of process identifiers): 4194304

container (cgroup) information:
container_type: cgroupv2
cpu_cpuset_cpus: not supported
cpu_memory_nodes: not supported
active_processor_count: 1
cpu_quota: 50000
cpu_period: 100000
cpu_shares: no shares
memory_limit_in_bytes: 1048576 k
memory_and_swap_limit_in_bytes: unlimited
memory_soft_limit_in_bytes: 524288 k
memory_usage_in_bytes: 674352 k
memory_max_usage_in_bytes: not supported
maximum number of tasks: not supported
current number of tasks: not supported

KVM virtualization detected
Steal ticks since vm start: 3204
Steal ticks percentage since vm start:  0.004

CPU: total 8 (initial active 1) (4 cores per cpu, 2 threads per core) family 6 model 79 stepping 0 microcode 0xffffffff, cx8, cmov, fxsr, ht, mmx, 3dnowpref, sse, sse2, sse3, ssse3, sse4.1, sse4.2, popcnt, lzcnt, tsc, tscinvbit, avx, avx2, aes, erms, clmul, bmi1, bmi2, rtm, adx, fma, vzeroupper, clflush, hv
CPU Model and flags from /proc/cpuinfo:
model name	: Intel(R) Xeon(R) CPU @ 2.20GHz
flags		: fpu vme de pse tsc msr pae mce cx8 apic sep mtrr pge mca cmov pat pse36 clflush mmx fxsr sse sse2 ss ht syscall nx pdpe1gb rdtscp lm constant_tsc rep_good nopl xtopology nonstop_tsc cpuid tsc_known_freq pni pclmulqdq ssse3 fma cx16 pcid sse4_1 sse4_2 x2apic movbe popcnt aes xsave avx f16c rdrand hypervisor lahf_lm abm 3dnowprefetch invpcid_single pti ssbd ibrs ibpb stibp fsgsbase tsc_adjust bmi1 hle avx2 smep bmi2 erms invpcid rtm rdseed adx smap xsaveopt arat md_clear arch_capabilities

Online cpus: 0-7
Offline cpus: 
BIOS frequency limitation: <Not Available>
Frequency switch latency (ns): <Not Available>
Available cpu frequencies: <Not Available>
Current governor: <Not Available>
Core performance/turbo boost: <Not Available>

Memory: 4k page, physical 1048576k(374216k free), swap 0k(0k free)
Page Sizes: 4k

vm_info: OpenJDK 64-Bit Server VM (17.0.5+8-jvmci-22.3-b08) for linux-amd64 JRE (17.0.5+8-jvmci-22.3-b08), built on Oct 19 2022 09:01:27 by "buildslave" with gcc 10.3.0

END.
